[2025/01/07 14:40:50]: §9          __             _       
[2025/01/07 14:40:50]: §9  _ __   / /  ___   __ _(_)_ __  
[2025/01/07 14:40:50]: §9 | '_ \ / /  / _ \ / _` | | '_ \ 
[2025/01/07 14:40:50]: §9 | | | / /__| (_) | (_| | | | | |
[2025/01/07 14:40:50]: §9 |_| |_\____/\___/ \__, |_|_| |_|
[2025/01/07 14:40:50]: §9                  |___/            
[2025/01/07 14:40:50]: §9 By: www.nickuc.com - V 10.4.18 DEVELOPMENT
[2025/01/07 14:40:50]: §9 
[2025/01/07 14:40:50]: §3[nLogin] [DEBUG] The config.yml file was created successfully.
[2025/01/07 14:40:52]: §3[nLogin] [DEBUG] All settings were loaded in 1794 ms.
[2025/01/07 14:40:52]: §3[nLogin] [DEBUG] Loading the messages_en.yml message file...
[2025/01/07 14:40:52]: §3[nLogin] [DEBUG] All plugin messages were loaded in 136 ms (languageByClient=false).
[2025/01/07 14:40:52]: §3[nLogin] [DEBUG] All proxy settings were loaded in 1 ms.
[2025/01/07 14:40:52]: §3[nLogin] [DEBUG] Loading database...
[2025/01/07 14:40:52]: [nLogin] Generating RSA keypair... (this may take a while)
[2025/01/07 14:40:53]: [nLogin] The RSA key pair was successfully generated. Took 0.49s
[2025/01/07 14:40:53]: §3[nLogin] [DEBUG] Starting logger filter...
[2025/01/07 14:40:53]: [nLogin] Starting the OpeNLogin conversion...
[2025/01/07 14:40:53]: §e[nLogin] [WARN] Initializing the OpeNLogin conversion
[2025/01/07 14:40:53]: §e[nLogin] [WARN] Please do not shut down your server.
[2025/01/07 14:40:53]: [nLogin] OpeNLogin data has been successfully converted.
[2025/01/07 14:40:53]: [nLogin] No users have been converted ~ 0.06s
[2025/01/07 14:40:53]: [nLogin] Downloading ProtocolLib...
[2025/01/07 14:40:53]: [nLogin] *-----------------------------------------------*
[2025/01/07 14:40:53]: [nLogin]   ProtocolLib has been successfully downloaded.
[2025/01/07 14:40:53]: [nLogin]   Restarting server to apply changes...
[2025/01/07 14:40:53]: [nLogin] *-----------------------------------------------*
[2025/01/07 14:41:13]: [nLogin] Successful plugin core shutdown (took 0.00s)
