/*C2*/SET SCHEMA PUBLIC
SET DATABASE TRANSACTION CONTROL MVLOCKS
/*C3*/SET SCHEMA PUBLIC
SET DATABASE TRANSACTION CONTROL MVLOCKS
/*C4*/SET SCHEMA PUBLIC
SET DATABASE TRANSACTION CONTROL MVLOCKS
/*C5*/SET SCHEMA PUBLIC
SET DATABASE TRANSACTION CONTROL MVLOCKS
/*C6*/SET SCHEMA PUBLIC
SET DATABASE TRANSACTION CONTROL MVLOCKS
/*C7*/SET SCHEMA PUBLIC
SET DATABASE TRANSACTION CONTROL MVLOCKS
/*C2*/SET SCHEMA "PUBLIC"
DELETE FROM "libertybans_names" WHERE "uuid"='b3beefaa-3e3f-32cc-a98d-a6e365f4fed6' AND "name"='mas_58_loco' AND "lower_name"='mas_58_loco' AND "updated"=1740931570
INSERT INTO "libertybans_names" VALUES('b3beefaa-3e3f-32cc-a98d-a6e365f4fed6','mas_58_loco','mas_58_loco',1740951446)
DELETE FROM "libertybans_addresses" WHERE "uuid"='b3beefaa-3e3f-32cc-a98d-a6e365f4fed6' AND "address"='64560435' AND "updated"=1740931570
INSERT INTO "libertybans_addresses" VALUES('b3beefaa-3e3f-32cc-a98d-a6e365f4fed6','64560435',1740951446)
COMMIT
DELETE FROM "libertybans_names" WHERE "uuid"='b3beefaa-3e3f-32cc-a98d-a6e365f4fed6' AND "name"='mas_58_loco' AND "lower_name"='mas_58_loco' AND "updated"=1740951446
INSERT INTO "libertybans_names" VALUES('b3beefaa-3e3f-32cc-a98d-a6e365f4fed6','mas_58_loco','mas_58_loco',1740951465)
DELETE FROM "libertybans_addresses" WHERE "uuid"='b3beefaa-3e3f-32cc-a98d-a6e365f4fed6' AND "address"='64560435' AND "updated"=1740951446
INSERT INTO "libertybans_addresses" VALUES('b3beefaa-3e3f-32cc-a98d-a6e365f4fed6','64560435',1740951465)
COMMIT
DELETE FROM "libertybans_names" WHERE "uuid"='b3beefaa-3e3f-32cc-a98d-a6e365f4fed6' AND "name"='mas_58_loco' AND "lower_name"='mas_58_loco' AND "updated"=1740951465
INSERT INTO "libertybans_names" VALUES('b3beefaa-3e3f-32cc-a98d-a6e365f4fed6','mas_58_loco','mas_58_loco',1740951470)
DELETE FROM "libertybans_addresses" WHERE "uuid"='b3beefaa-3e3f-32cc-a98d-a6e365f4fed6' AND "address"='64560435' AND "updated"=1740951465
INSERT INTO "libertybans_addresses" VALUES('b3beefaa-3e3f-32cc-a98d-a6e365f4fed6','64560435',1740951470)
COMMIT
DELETE FROM "libertybans_names" WHERE "uuid"='b3beefaa-3e3f-32cc-a98d-a6e365f4fed6' AND "name"='mas_58_loco' AND "lower_name"='mas_58_loco' AND "updated"=1740951470
INSERT INTO "libertybans_names" VALUES('b3beefaa-3e3f-32cc-a98d-a6e365f4fed6','mas_58_loco','mas_58_loco',1740951479)
DELETE FROM "libertybans_addresses" WHERE "uuid"='b3beefaa-3e3f-32cc-a98d-a6e365f4fed6' AND "address"='64560435' AND "updated"=1740951470
INSERT INTO "libertybans_addresses" VALUES('b3beefaa-3e3f-32cc-a98d-a6e365f4fed6','64560435',1740951479)
COMMIT
DELETE FROM "libertybans_names" WHERE "uuid"='b3beefaa-3e3f-32cc-a98d-a6e365f4fed6' AND "name"='mas_58_loco' AND "lower_name"='mas_58_loco' AND "updated"=1740951479
INSERT INTO "libertybans_names" VALUES('b3beefaa-3e3f-32cc-a98d-a6e365f4fed6','mas_58_loco','mas_58_loco',1740951486)
DELETE FROM "libertybans_addresses" WHERE "uuid"='b3beefaa-3e3f-32cc-a98d-a6e365f4fed6' AND "address"='64560435' AND "updated"=1740951479
INSERT INTO "libertybans_addresses" VALUES('b3beefaa-3e3f-32cc-a98d-a6e365f4fed6','64560435',1740951486)
COMMIT
DISCONNECT
/*C8*/SET SCHEMA PUBLIC
SET DATABASE TRANSACTION CONTROL MVLOCKS
/*C7*/DISCONNECT
/*C9*/SET SCHEMA PUBLIC
SET DATABASE TRANSACTION CONTROL MVLOCKS
/*C4*/DISCONNECT
/*C10*/SET SCHEMA PUBLIC
SET DATABASE TRANSACTION CONTROL MVLOCKS
/*C5*/DISCONNECT
/*C11*/SET SCHEMA PUBLIC
SET DATABASE TRANSACTION CONTROL MVLOCKS
/*C3*/DISCONNECT
/*C12*/SET SCHEMA PUBLIC
SET DATABASE TRANSACTION CONTROL MVLOCKS
/*C6*/DISCONNECT
/*C13*/SET SCHEMA PUBLIC
SET DATABASE TRANSACTION CONTROL MVLOCKS
/*C8*/DISCONNECT
/*C14*/SET SCHEMA PUBLIC
SET DATABASE TRANSACTION CONTROL MVLOCKS
/*C9*/DISCONNECT
/*C15*/SET SCHEMA PUBLIC
SET DATABASE TRANSACTION CONTROL MVLOCKS
/*C10*/DISCONNECT
/*C16*/SET SCHEMA PUBLIC
SET DATABASE TRANSACTION CONTROL MVLOCKS
/*C12*/DISCONNECT
/*C17*/SET SCHEMA PUBLIC
SET DATABASE TRANSACTION CONTROL MVLOCKS
/*C11*/DISCONNECT
/*C18*/SET SCHEMA PUBLIC
SET DATABASE TRANSACTION CONTROL MVLOCKS
/*C13*/DISCONNECT
/*C19*/SET SCHEMA PUBLIC
SET DATABASE TRANSACTION CONTROL MVLOCKS
/*C14*/DISCONNECT
/*C20*/SET SCHEMA PUBLIC
SET DATABASE TRANSACTION CONTROL MVLOCKS
/*C16*/DISCONNECT
/*C21*/SET SCHEMA PUBLIC
SET DATABASE TRANSACTION CONTROL MVLOCKS
/*C15*/DISCONNECT
/*C22*/SET SCHEMA PUBLIC
SET DATABASE TRANSACTION CONTROL MVLOCKS
/*C17*/DISCONNECT
/*C23*/SET SCHEMA PUBLIC
SET DATABASE TRANSACTION CONTROL MVLOCKS
/*C19*/DISCONNECT
/*C24*/SET SCHEMA PUBLIC
SET DATABASE TRANSACTION CONTROL MVLOCKS
/*C18*/DISCONNECT
/*C25*/SET SCHEMA PUBLIC
SET DATABASE TRANSACTION CONTROL MVLOCKS
/*C20*/DISCONNECT
/*C26*/SET SCHEMA PUBLIC
SET DATABASE TRANSACTION CONTROL MVLOCKS
/*C22*/DISCONNECT
/*C27*/SET SCHEMA PUBLIC
SET DATABASE TRANSACTION CONTROL MVLOCKS
/*C23*/DISCONNECT
/*C28*/SET SCHEMA PUBLIC
SET DATABASE TRANSACTION CONTROL MVLOCKS
/*C21*/DISCONNECT
/*C29*/SET SCHEMA PUBLIC
SET DATABASE TRANSACTION CONTROL MVLOCKS
/*C25*/DISCONNECT
/*C30*/SET SCHEMA PUBLIC
SET DATABASE TRANSACTION CONTROL MVLOCKS
/*C24*/DISCONNECT
/*C31*/SET SCHEMA PUBLIC
SET DATABASE TRANSACTION CONTROL MVLOCKS
/*C27*/DISCONNECT
/*C32*/SET SCHEMA PUBLIC
SET DATABASE TRANSACTION CONTROL MVLOCKS
/*C28*/DISCONNECT
/*C33*/SET SCHEMA PUBLIC
SET DATABASE TRANSACTION CONTROL MVLOCKS
/*C26*/DISCONNECT
/*C34*/SET SCHEMA PUBLIC
SET DATABASE TRANSACTION CONTROL MVLOCKS
/*C29*/DISCONNECT
/*C35*/SET SCHEMA PUBLIC
SET DATABASE TRANSACTION CONTROL MVLOCKS
/*C30*/DISCONNECT
/*C36*/SET SCHEMA PUBLIC
SET DATABASE TRANSACTION CONTROL MVLOCKS
/*C31*/DISCONNECT
/*C37*/SET SCHEMA PUBLIC
SET DATABASE TRANSACTION CONTROL MVLOCKS
