/*C2*/SET SCHEMA PUBLIC
SET DATABASE TRANSACTION CONTROL MVLOCKS
/*C3*/SET SCHEMA PUBLIC
SET DATABASE TRANSACTION CONTROL MVLOCKS
/*C4*/SET SCHEMA PUBLIC
SET DATABASE TRANSACTION CONTROL MVLOCKS
/*C5*/SET SCHEMA PUBLIC
SET DATABASE TRANSACTION CONTROL MVLOCKS
/*C6*/SET SCHEMA PUBLIC
SET DATABASE TRANSACTION CONTROL MVLOCKS
/*C7*/SET SCHEMA PUBLIC
SET DATABASE TRANSACTION CONTROL MVLOCKS
/*C2*/SET SCHEMA "PUBLIC"
/*C3*/DELETE FROM "libertybans_names" WHERE "uuid"='205ce005-14ca-354e-a22d-48df62f22e0f' AND "name"='Andreselpro5000' AND "lower_name"='andreselpro5000' AND "updated"=1727573586
INSERT INTO "libertybans_names" VALUES('205ce005-14ca-354e-a22d-48df62f22e0f','Andreselpro5000','andreselpro5000',1727575749)
DELETE FROM "libertybans_addresses" WHERE "uuid"='205ce005-14ca-354e-a22d-48df62f22e0f' AND "address"='be671dfd' AND "updated"=1727573586
INSERT INTO "libertybans_addresses" VALUES('205ce005-14ca-354e-a22d-48df62f22e0f','be671dfd',1727575749)
COMMIT
/*C2*/DELETE FROM "libertybans_names" WHERE "uuid"='2f86519d-d716-38fe-a41d-7530b44cb5f9' AND "name"='TakanaDestroyer' AND "lower_name"='takanadestroyer' AND "updated"=1727574182
INSERT INTO "libertybans_names" VALUES('2f86519d-d716-38fe-a41d-7530b44cb5f9','TakanaDestroyer','takanadestroyer',1727575749)
DELETE FROM "libertybans_addresses" WHERE "uuid"='2f86519d-d716-38fe-a41d-7530b44cb5f9' AND "address"='26fa9e9b' AND "updated"=1727574182
INSERT INTO "libertybans_addresses" VALUES('2f86519d-d716-38fe-a41d-7530b44cb5f9','26fa9e9b',1727575749)
COMMIT
DELETE FROM "libertybans_names" WHERE "uuid"='2f86519d-d716-38fe-a41d-7530b44cb5f9' AND "name"='TakanaDestroyer' AND "lower_name"='takanadestroyer' AND "updated"=1727575749
INSERT INTO "libertybans_names" VALUES('2f86519d-d716-38fe-a41d-7530b44cb5f9','TakanaDestroyer','takanadestroyer',1727575754)
DELETE FROM "libertybans_addresses" WHERE "uuid"='2f86519d-d716-38fe-a41d-7530b44cb5f9' AND "address"='26fa9e9b' AND "updated"=1727575749
INSERT INTO "libertybans_addresses" VALUES('2f86519d-d716-38fe-a41d-7530b44cb5f9','26fa9e9b',1727575754)
COMMIT
DELETE FROM "libertybans_names" WHERE "uuid"='00000000-0000-0000-0009-01f0f2d21748' AND "name"='_FFisaaYT' AND "lower_name"='_ffisaayt' AND "updated"=1727575202
INSERT INTO "libertybans_names" VALUES('00000000-0000-0000-0009-01f0f2d21748','_FFisaaYT','_ffisaayt',1727575762)
DELETE FROM "libertybans_addresses" WHERE "uuid"='00000000-0000-0000-0009-01f0f2d21748' AND "address"='b1c8ef42' AND "updated"=1727575202
INSERT INTO "libertybans_addresses" VALUES('00000000-0000-0000-0009-01f0f2d21748','b1c8ef42',1727575762)
COMMIT
DELETE FROM "libertybans_names" WHERE "uuid"='205ce005-14ca-354e-a22d-48df62f22e0f' AND "name"='Andreselpro5000' AND "lower_name"='andreselpro5000' AND "updated"=1727575749
INSERT INTO "libertybans_names" VALUES('205ce005-14ca-354e-a22d-48df62f22e0f','Andreselpro5000','andreselpro5000',1727575767)
DELETE FROM "libertybans_addresses" WHERE "uuid"='205ce005-14ca-354e-a22d-48df62f22e0f' AND "address"='be671dfd' AND "updated"=1727575749
INSERT INTO "libertybans_addresses" VALUES('205ce005-14ca-354e-a22d-48df62f22e0f','be671dfd',1727575767)
COMMIT
DELETE FROM "libertybans_names" WHERE "uuid"='00000000-0000-0000-0009-01fc77b7fab1' AND "name"='_xTiifa' AND "lower_name"='_xtiifa' AND "updated"=1727574373
INSERT INTO "libertybans_names" VALUES('00000000-0000-0000-0009-01fc77b7fab1','_xTiifa','_xtiifa',1727575773)
DELETE FROM "libertybans_addresses" WHERE "uuid"='00000000-0000-0000-0009-01fc77b7fab1' AND "address"='b33c4ada' AND "updated"=1727574373
INSERT INTO "libertybans_addresses" VALUES('00000000-0000-0000-0009-01fc77b7fab1','b33c4ada',1727575773)
COMMIT
DELETE FROM "libertybans_names" WHERE "uuid"='278f091b-8ec2-303e-a722-d63e332acde6' AND "name"='Richuus' AND "lower_name"='richuus' AND "updated"=1727574506
INSERT INTO "libertybans_names" VALUES('278f091b-8ec2-303e-a722-d63e332acde6','Richuus','richuus',1727575834)
DELETE FROM "libertybans_addresses" WHERE "uuid"='278f091b-8ec2-303e-a722-d63e332acde6' AND "address"='ba6c7d0b' AND "updated"=1727574506
INSERT INTO "libertybans_addresses" VALUES('278f091b-8ec2-303e-a722-d63e332acde6','ba6c7d0b',1727575834)
COMMIT
DELETE FROM "libertybans_names" WHERE "uuid"='278f091b-8ec2-303e-a722-d63e332acde6' AND "name"='Richuus' AND "lower_name"='richuus' AND "updated"=1727575834
INSERT INTO "libertybans_names" VALUES('278f091b-8ec2-303e-a722-d63e332acde6','Richuus','richuus',1727575902)
DELETE FROM "libertybans_addresses" WHERE "uuid"='278f091b-8ec2-303e-a722-d63e332acde6' AND "address"='ba6c7d0b' AND "updated"=1727575834
INSERT INTO "libertybans_addresses" VALUES('278f091b-8ec2-303e-a722-d63e332acde6','ba6c7d0b',1727575902)
COMMIT
/*C3*/DELETE FROM "libertybans_names" WHERE "uuid"='2f86519d-d716-38fe-a41d-7530b44cb5f9' AND "name"='TakanaDestroyer' AND "lower_name"='takanadestroyer' AND "updated"=1727575754
INSERT INTO "libertybans_names" VALUES('2f86519d-d716-38fe-a41d-7530b44cb5f9','TakanaDestroyer','takanadestroyer',1727575973)
DELETE FROM "libertybans_addresses" WHERE "uuid"='2f86519d-d716-38fe-a41d-7530b44cb5f9' AND "address"='26fa9e9b' AND "updated"=1727575754
INSERT INTO "libertybans_addresses" VALUES('2f86519d-d716-38fe-a41d-7530b44cb5f9','26fa9e9b',1727575973)
COMMIT
/*C2*/INSERT INTO "libertybans_names" VALUES('e2502db6-313b-304c-b3a3-e14624f3e454','OmgYamelMC','omgyamelmc',1727576411)
INSERT INTO "libertybans_addresses" VALUES('e2502db6-313b-304c-b3a3-e14624f3e454','b55ee498',1727576411)
COMMIT
INSERT INTO "libertybans_names" VALUES('e4f616fe-d2cb-332e-bc3e-53f8712a617a','Aleyesmy','aleyesmy',1727576413)
INSERT INTO "libertybans_addresses" VALUES('e4f616fe-d2cb-332e-bc3e-53f8712a617a','bb89baa4',1727576413)
COMMIT
/*C3*/INSERT INTO "libertybans_names" VALUES('00000000-0000-0000-0009-01f7d85102f6','_BOMF15','_bomf15',1727576438)
INSERT INTO "libertybans_addresses" VALUES('00000000-0000-0000-0009-01f7d85102f6','2dace489',1727576438)
COMMIT
/*C2*/INSERT INTO "libertybans_names" VALUES('00000000-0000-0000-0009-01fc1aeae870','_OmgYamelMC','_omgyamelmc',1727576461)
INSERT INTO "libertybans_addresses" VALUES('00000000-0000-0000-0009-01fc1aeae870','b55ee498',1727576461)
COMMIT
INSERT INTO "libertybans_names" VALUES('00000000-0000-0000-0009-01f47264bec4','_Damcraft134','_damcraft134',1727576488)
INSERT INTO "libertybans_addresses" VALUES('00000000-0000-0000-0009-01f47264bec4','b3269f22',1727576488)
COMMIT
/*C3*/INSERT INTO "libertybans_names" VALUES('9e17e4a3-0330-31be-9f71-47edc8aecfe6','SATCraft4','satcraft4',1727576505)
INSERT INTO "libertybans_addresses" VALUES('9e17e4a3-0330-31be-9f71-47edc8aecfe6','c8db351a',1727576505)
COMMIT
/*C2*/INSERT INTO "libertybans_names" VALUES('00000000-0000-0000-0009-01f04512a22e','_franco0RG','_franco0rg',1727576539)
INSERT INTO "libertybans_addresses" VALUES('00000000-0000-0000-0009-01f04512a22e','2de85d7a',1727576539)
COMMIT
INSERT INTO "libertybans_names" VALUES('00000000-0000-0000-0009-01f72e26d5b3','_MozartXD2760','_mozartxd2760',1727576552)
INSERT INTO "libertybans_addresses" VALUES('00000000-0000-0000-0009-01f72e26d5b3','b1e33ae6',1727576552)
COMMIT
/*C3*/DELETE FROM "libertybans_names" WHERE "uuid"='205ce005-14ca-354e-a22d-48df62f22e0f' AND "name"='Andreselpro5000' AND "lower_name"='andreselpro5000' AND "updated"=1727575767
INSERT INTO "libertybans_names" VALUES('205ce005-14ca-354e-a22d-48df62f22e0f','Andreselpro5000','andreselpro5000',1727576598)
DELETE FROM "libertybans_addresses" WHERE "uuid"='205ce005-14ca-354e-a22d-48df62f22e0f' AND "address"='be671dfd' AND "updated"=1727575767
INSERT INTO "libertybans_addresses" VALUES('205ce005-14ca-354e-a22d-48df62f22e0f','be671dfd',1727576598)
COMMIT
/*C2*/INSERT INTO "libertybans_names" VALUES('00000000-0000-0000-0009-01fdc7b09379','_PrayedCapibarar','_prayedcapibarar',1727576608)
INSERT INTO "libertybans_addresses" VALUES('00000000-0000-0000-0009-01fdc7b09379','b5d1788d',1727576608)
COMMIT
/*C3*/DELETE FROM "libertybans_names" WHERE "uuid"='9e17e4a3-0330-31be-9f71-47edc8aecfe6' AND "name"='SATCraft4' AND "lower_name"='satcraft4' AND "updated"=1727576505
INSERT INTO "libertybans_names" VALUES('9e17e4a3-0330-31be-9f71-47edc8aecfe6','SATCraft4','satcraft4',1727576618)
DELETE FROM "libertybans_addresses" WHERE "uuid"='9e17e4a3-0330-31be-9f71-47edc8aecfe6' AND "address"='c8db351a' AND "updated"=1727576505
INSERT INTO "libertybans_addresses" VALUES('9e17e4a3-0330-31be-9f71-47edc8aecfe6','c8db351a',1727576618)
COMMIT
DELETE FROM "libertybans_names" WHERE "uuid"='00000000-0000-0000-0009-01f72e26d5b3' AND "name"='_MozartXD2760' AND "lower_name"='_mozartxd2760' AND "updated"=1727576552
INSERT INTO "libertybans_names" VALUES('00000000-0000-0000-0009-01f72e26d5b3','_MozartXD2760','_mozartxd2760',1727576626)
DELETE FROM "libertybans_addresses" WHERE "uuid"='00000000-0000-0000-0009-01f72e26d5b3' AND "address"='b1e33ae6' AND "updated"=1727576552
INSERT INTO "libertybans_addresses" VALUES('00000000-0000-0000-0009-01f72e26d5b3','b1e33ae6',1727576626)
COMMIT
/*C2*/INSERT INTO "libertybans_names" VALUES('00000000-0000-0000-0009-01f76006f41e','_Maryland8487','_maryland8487',1727576646)
INSERT INTO "libertybans_addresses" VALUES('00000000-0000-0000-0009-01f76006f41e','bba110bb',1727576646)
COMMIT
/*C3*/INSERT INTO "libertybans_names" VALUES('d13c5203-ea79-39d2-a00e-23c1aaf6ead6','miguelangelig','miguelangelig',1727576660)
INSERT INTO "libertybans_addresses" VALUES('d13c5203-ea79-39d2-a00e-23c1aaf6ead6','18a06fb1',1727576660)
COMMIT
INSERT INTO "libertybans_names" VALUES('95291128-0fe4-3392-a1ef-5a464b957763','3SkyAjax3','3skyajax3',1727576676)
INSERT INTO "libertybans_addresses" VALUES('95291128-0fe4-3392-a1ef-5a464b957763','bbbce337',1727576676)
COMMIT
/*C2*/INSERT INTO "libertybans_names" VALUES('00000000-0000-0000-0009-01f5425424ae','_SATCraft4','_satcraft4',1727576681)
INSERT INTO "libertybans_addresses" VALUES('00000000-0000-0000-0009-01f5425424ae','c8db351a',1727576681)
COMMIT
INSERT INTO "libertybans_names" VALUES('bd18e564-f50b-3135-990d-32423fa87c8d','ByJuanelGamer','byjuanelgamer',1727576684)
INSERT INTO "libertybans_addresses" VALUES('bd18e564-f50b-3135-990d-32423fa87c8d','b5d15954',1727576684)
COMMIT
/*C3*/INSERT INTO "libertybans_names" VALUES('8c0cfad3-3d76-3a09-8352-5228c5697744','DinoAmaru123','dinoamaru123',1727576687)
INSERT INTO "libertybans_addresses" VALUES('8c0cfad3-3d76-3a09-8352-5228c5697744','b5a2d817',1727576687)
COMMIT
/*C2*/INSERT INTO "libertybans_names" VALUES('00000000-0000-0000-0009-01fe8d559b83','_Its_0perez','_its_0perez',1727576700)
INSERT INTO "libertybans_addresses" VALUES('00000000-0000-0000-0009-01fe8d559b83','ba9b0c1b',1727576700)
COMMIT
INSERT INTO "libertybans_names" VALUES('00000000-0000-0000-0009-01f9a5903701','_CurrentRain9167','_currentrain9167',1727576721)
INSERT INTO "libertybans_addresses" VALUES('00000000-0000-0000-0009-01f9a5903701','b33c40a1',1727576721)
COMMIT
INSERT INTO "libertybans_names" VALUES('2d744fef-738e-39f1-8498-6283c0de0c83','Dann2103','dann2103',1727576739)
INSERT INTO "libertybans_addresses" VALUES('2d744fef-738e-39f1-8498-6283c0de0c83','bdd942f3',1727576739)
COMMIT
/*C3*/INSERT INTO "libertybans_names" VALUES('c4f237b6-5e05-3d8b-a5c0-518f11ae0d41','CrbGiuly','crbgiuly',1727576812)
INSERT INTO "libertybans_addresses" VALUES('c4f237b6-5e05-3d8b-a5c0-518f11ae0d41','be5dc602',1727576812)
COMMIT
/*C2*/INSERT INTO "libertybans_names" VALUES('00000000-0000-0000-0009-01fe0caf54be','_Robotnick15GG','_robotnick15gg',1727576816)
INSERT INTO "libertybans_addresses" VALUES('00000000-0000-0000-0009-01fe0caf54be','ba0efec3',1727576816)
COMMIT
DELETE FROM "libertybans_names" WHERE "uuid"='00000000-0000-0000-0009-01f9a5903701' AND "name"='_CurrentRain9167' AND "lower_name"='_currentrain9167' AND "updated"=1727576721
INSERT INTO "libertybans_names" VALUES('00000000-0000-0000-0009-01f9a5903701','_CurrentRain9167','_currentrain9167',1727576857)
DELETE FROM "libertybans_addresses" WHERE "uuid"='00000000-0000-0000-0009-01f9a5903701' AND "address"='b33c40a1' AND "updated"=1727576721
INSERT INTO "libertybans_addresses" VALUES('00000000-0000-0000-0009-01f9a5903701','b33c40a1',1727576857)
COMMIT
/*C3*/INSERT INTO "libertybans_names" VALUES('00000000-0000-0000-0009-01f4cca43795','_Angelpokimo0','_angelpokimo0',1727576869)
INSERT INTO "libertybans_addresses" VALUES('00000000-0000-0000-0009-01f4cca43795','bdbe9026',1727576869)
COMMIT
/*C2*/DELETE FROM "libertybans_names" WHERE "uuid"='00000000-0000-0000-0009-01f47264bec4' AND "name"='_Damcraft134' AND "lower_name"='_damcraft134' AND "updated"=1727576488
INSERT INTO "libertybans_names" VALUES('00000000-0000-0000-0009-01f47264bec4','_Damcraft134','_damcraft134',1727576897)
DELETE FROM "libertybans_addresses" WHERE "uuid"='00000000-0000-0000-0009-01f47264bec4' AND "address"='b3269f22' AND "updated"=1727576488
INSERT INTO "libertybans_addresses" VALUES('00000000-0000-0000-0009-01f47264bec4','b3269f22',1727576897)
COMMIT
DELETE FROM "libertybans_names" WHERE "uuid"='00000000-0000-0000-0009-01fdc7b09379' AND "name"='_PrayedCapibarar' AND "lower_name"='_prayedcapibarar' AND "updated"=1727576608
INSERT INTO "libertybans_names" VALUES('00000000-0000-0000-0009-01fdc7b09379','_PrayedCapibarar','_prayedcapibarar',1727576932)
DELETE FROM "libertybans_addresses" WHERE "uuid"='00000000-0000-0000-0009-01fdc7b09379' AND "address"='b5d1788d' AND "updated"=1727576608
INSERT INTO "libertybans_addresses" VALUES('00000000-0000-0000-0009-01fdc7b09379','b5d1788d',1727576932)
COMMIT
/*C3*/INSERT INTO "libertybans_names" VALUES('00000000-0000-0000-0009-01fbb97c2a1a','_Mattheo_v_v','_mattheo_v_v',1727576935)
INSERT INTO "libertybans_addresses" VALUES('00000000-0000-0000-0009-01fbb97c2a1a','bf50ef8b',1727576935)
COMMIT
/*C2*/INSERT INTO "libertybans_names" VALUES('0bfe80de-0922-3e42-a32d-0cfb7165dac9','LeessPLayDaniel','leessplaydaniel',1727576983)
INSERT INTO "libertybans_addresses" VALUES('0bfe80de-0922-3e42-a32d-0cfb7165dac9','b30604a5',1727576983)
COMMIT
DELETE FROM "libertybans_names" WHERE "uuid"='00000000-0000-0000-0009-01f9a5903701' AND "name"='_CurrentRain9167' AND "lower_name"='_currentrain9167' AND "updated"=1727576857
INSERT INTO "libertybans_names" VALUES('00000000-0000-0000-0009-01f9a5903701','_CurrentRain9167','_currentrain9167',1727576996)
DELETE FROM "libertybans_addresses" WHERE "uuid"='00000000-0000-0000-0009-01f9a5903701' AND "address"='b33c40a1' AND "updated"=1727576857
INSERT INTO "libertybans_addresses" VALUES('00000000-0000-0000-0009-01f9a5903701','b33c40a1',1727576996)
COMMIT
/*C3*/INSERT INTO "libertybans_names" VALUES('00000000-0000-0000-0009-01f38bc03be1','_Sebastian96221','_sebastian96221',1727577026)
INSERT INTO "libertybans_addresses" VALUES('00000000-0000-0000-0009-01f38bc03be1','b53b03f0',1727577026)
COMMIT
/*C2*/INSERT INTO "libertybans_names" VALUES('00000000-0000-0000-0009-01f21d7bcf2e','_titirebecca','_titirebecca',1727577035)
INSERT INTO "libertybans_addresses" VALUES('00000000-0000-0000-0009-01f21d7bcf2e','6c93d421',1727577035)
COMMIT
INSERT INTO "libertybans_names" VALUES('eeb66f6d-4e9c-35a5-be55-de13138239d8','Ezq1zh_','ezq1zh_',1727577037)
INSERT INTO "libertybans_addresses" VALUES('eeb66f6d-4e9c-35a5-be55-de13138239d8','ba16ee24',1727577037)
COMMIT
INSERT INTO "libertybans_names" VALUES('822e8a73-c94a-343b-96e8-0f92332ee6bd','benjaEL1313','benjael1313',1727577110)
INSERT INTO "libertybans_addresses" VALUES('822e8a73-c94a-343b-96e8-0f92332ee6bd','c9d49ff4',1727577110)
COMMIT
/*C3*/INSERT INTO "libertybans_names" VALUES('00000000-0000-0000-0009-01fe964d7ef3','_Ney933395','_ney933395',1727577110)
INSERT INTO "libertybans_addresses" VALUES('00000000-0000-0000-0009-01fe964d7ef3','bab0e3a6',1727577110)
COMMIT
DELETE FROM "libertybans_names" WHERE "uuid"='00000000-0000-0000-0009-01f9a5903701' AND "name"='_CurrentRain9167' AND "lower_name"='_currentrain9167' AND "updated"=1727576996
INSERT INTO "libertybans_names" VALUES('00000000-0000-0000-0009-01f9a5903701','_CurrentRain9167','_currentrain9167',1727577133)
DELETE FROM "libertybans_addresses" WHERE "uuid"='00000000-0000-0000-0009-01f9a5903701' AND "address"='b33c40a1' AND "updated"=1727576996
INSERT INTO "libertybans_addresses" VALUES('00000000-0000-0000-0009-01f9a5903701','b33c40a1',1727577133)
COMMIT
/*C2*/DELETE FROM "libertybans_names" WHERE "uuid"='00000000-0000-0000-0009-01f72e26d5b3' AND "name"='_MozartXD2760' AND "lower_name"='_mozartxd2760' AND "updated"=1727576626
INSERT INTO "libertybans_names" VALUES('00000000-0000-0000-0009-01f72e26d5b3','_MozartXD2760','_mozartxd2760',1727577138)
DELETE FROM "libertybans_addresses" WHERE "uuid"='00000000-0000-0000-0009-01f72e26d5b3' AND "address"='b1e33ae6' AND "updated"=1727576626
INSERT INTO "libertybans_addresses" VALUES('00000000-0000-0000-0009-01f72e26d5b3','b1e33ae6',1727577138)
COMMIT
/*C3*/DELETE FROM "libertybans_names" WHERE "uuid"='00000000-0000-0000-0009-01f4cca43795' AND "name"='_Angelpokimo0' AND "lower_name"='_angelpokimo0' AND "updated"=1727576869
INSERT INTO "libertybans_names" VALUES('00000000-0000-0000-0009-01f4cca43795','_Angelpokimo0','_angelpokimo0',1727577157)
DELETE FROM "libertybans_addresses" WHERE "uuid"='00000000-0000-0000-0009-01f4cca43795' AND "address"='bdbe9026' AND "updated"=1727576869
INSERT INTO "libertybans_addresses" VALUES('00000000-0000-0000-0009-01f4cca43795','bdbe9026',1727577157)
COMMIT
/*C4*/DISCONNECT
/*C8*/SET SCHEMA PUBLIC
SET DATABASE TRANSACTION CONTROL MVLOCKS
/*C6*/DISCONNECT
/*C9*/SET SCHEMA PUBLIC
SET DATABASE TRANSACTION CONTROL MVLOCKS
/*C5*/DISCONNECT
/*C10*/SET SCHEMA PUBLIC
SET DATABASE TRANSACTION CONTROL MVLOCKS
/*C7*/DISCONNECT
/*C11*/SET SCHEMA PUBLIC
SET DATABASE TRANSACTION CONTROL MVLOCKS
/*C3*/DISCONNECT
/*C12*/SET SCHEMA PUBLIC
SET DATABASE TRANSACTION CONTROL MVLOCKS
/*C2*/DISCONNECT
/*C13*/SET SCHEMA PUBLIC
SET DATABASE TRANSACTION CONTROL MVLOCKS
/*C8*/DELETE FROM "libertybans_names" WHERE "uuid"='00000000-0000-0000-0009-01f76006f41e' AND "name"='_Maryland8487' AND "lower_name"='_maryland8487' AND "updated"=1727576646
INSERT INTO "libertybans_names" VALUES('00000000-0000-0000-0009-01f76006f41e','_Maryland8487','_maryland8487',1727577257)
DELETE FROM "libertybans_addresses" WHERE "uuid"='00000000-0000-0000-0009-01f76006f41e' AND "address"='bba110bb' AND "updated"=1727576646
INSERT INTO "libertybans_addresses" VALUES('00000000-0000-0000-0009-01f76006f41e','bba110bb',1727577257)
COMMIT
DELETE FROM "libertybans_names" WHERE "uuid"='00000000-0000-0000-0009-01f72e26d5b3' AND "name"='_MozartXD2760' AND "lower_name"='_mozartxd2760' AND "updated"=1727577138
INSERT INTO "libertybans_names" VALUES('00000000-0000-0000-0009-01f72e26d5b3','_MozartXD2760','_mozartxd2760',1727577270)
DELETE FROM "libertybans_addresses" WHERE "uuid"='00000000-0000-0000-0009-01f72e26d5b3' AND "address"='b1e33ae6' AND "updated"=1727577138
INSERT INTO "libertybans_addresses" VALUES('00000000-0000-0000-0009-01f72e26d5b3','b1e33ae6',1727577270)
COMMIT
DELETE FROM "libertybans_names" WHERE "uuid"='00000000-0000-0000-0009-01fe964d7ef3' AND "name"='_Ney933395' AND "lower_name"='_ney933395' AND "updated"=1727577110
INSERT INTO "libertybans_names" VALUES('00000000-0000-0000-0009-01fe964d7ef3','_Ney933395','_ney933395',1727577333)
DELETE FROM "libertybans_addresses" WHERE "uuid"='00000000-0000-0000-0009-01fe964d7ef3' AND "address"='bab0e3a6' AND "updated"=1727577110
INSERT INTO "libertybans_addresses" VALUES('00000000-0000-0000-0009-01fe964d7ef3','bab0e3a6',1727577333)
COMMIT
INSERT INTO "libertybans_names" VALUES('3e868231-cb2d-345b-93e4-dd961803fcb7','ilovepucca','ilovepucca',1727577365)
INSERT INTO "libertybans_addresses" VALUES('3e868231-cb2d-345b-93e4-dd961803fcb7','2de85f60',1727577365)
COMMIT
DELETE FROM "libertybans_names" WHERE "uuid"='00000000-0000-0000-0009-01f7d85102f6' AND "name"='_BOMF15' AND "lower_name"='_bomf15' AND "updated"=1727576438
INSERT INTO "libertybans_names" VALUES('00000000-0000-0000-0009-01f7d85102f6','_BOMF15','_bomf15',1727577400)
DELETE FROM "libertybans_addresses" WHERE "uuid"='00000000-0000-0000-0009-01f7d85102f6' AND "address"='2dace489' AND "updated"=1727576438
INSERT INTO "libertybans_addresses" VALUES('00000000-0000-0000-0009-01f7d85102f6','2dace489',1727577400)
COMMIT
DELETE FROM "libertybans_names" WHERE "uuid"='00000000-0000-0000-0009-01f9a5903701' AND "name"='_CurrentRain9167' AND "lower_name"='_currentrain9167' AND "updated"=1727577133
INSERT INTO "libertybans_names" VALUES('00000000-0000-0000-0009-01f9a5903701','_CurrentRain9167','_currentrain9167',1727577417)
DELETE FROM "libertybans_addresses" WHERE "uuid"='00000000-0000-0000-0009-01f9a5903701' AND "address"='b33c40a1' AND "updated"=1727577133
INSERT INTO "libertybans_addresses" VALUES('00000000-0000-0000-0009-01f9a5903701','b33c40a1',1727577417)
COMMIT
DELETE FROM "libertybans_names" WHERE "uuid"='00000000-0000-0000-0009-01f7d85102f6' AND "name"='_BOMF15' AND "lower_name"='_bomf15' AND "updated"=1727577400
INSERT INTO "libertybans_names" VALUES('00000000-0000-0000-0009-01f7d85102f6','_BOMF15','_bomf15',1727577491)
DELETE FROM "libertybans_addresses" WHERE "uuid"='00000000-0000-0000-0009-01f7d85102f6' AND "address"='2dace489' AND "updated"=1727577400
INSERT INTO "libertybans_addresses" VALUES('00000000-0000-0000-0009-01f7d85102f6','2dace489',1727577491)
COMMIT
INSERT INTO "libertybans_names" VALUES('f65a9662-69d4-3d33-abe5-cd57af276575','andrew8jca','andrew8jca',1727577528)
INSERT INTO "libertybans_addresses" VALUES('f65a9662-69d4-3d33-abe5-cd57af276575','c9dc8b8d',1727577528)
COMMIT
DELETE FROM "libertybans_names" WHERE "uuid"='00000000-0000-0000-0009-01fe964d7ef3' AND "name"='_Ney933395' AND "lower_name"='_ney933395' AND "updated"=1727577333
INSERT INTO "libertybans_names" VALUES('00000000-0000-0000-0009-01fe964d7ef3','_Ney933395','_ney933395',1727577543)
DELETE FROM "libertybans_addresses" WHERE "uuid"='00000000-0000-0000-0009-01fe964d7ef3' AND "address"='bab0e3a6' AND "updated"=1727577333
INSERT INTO "libertybans_addresses" VALUES('00000000-0000-0000-0009-01fe964d7ef3','bab0e3a6',1727577543)
COMMIT
INSERT INTO "libertybans_names" VALUES('7b8d753e-8a2c-38e2-91e1-c03beda02cc9','Lionel_Messi21','lionel_messi21',1727577568)
INSERT INTO "libertybans_addresses" VALUES('7b8d753e-8a2c-38e2-91e1-c03beda02cc9','8a79725b',1727577568)
COMMIT
INSERT INTO "libertybans_names" VALUES('00000000-0000-0000-0009-01f77025e3e8','_messirveee777','_messirveee777',1727577569)
INSERT INTO "libertybans_addresses" VALUES('00000000-0000-0000-0009-01f77025e3e8','ba137b29',1727577569)
COMMIT
DELETE FROM "libertybans_names" WHERE "uuid"='00000000-0000-0000-0009-01fe0caf54be' AND "name"='_Robotnick15GG' AND "lower_name"='_robotnick15gg' AND "updated"=1727576816
INSERT INTO "libertybans_names" VALUES('00000000-0000-0000-0009-01fe0caf54be','_Robotnick15GG','_robotnick15gg',1727577624)
DELETE FROM "libertybans_addresses" WHERE "uuid"='00000000-0000-0000-0009-01fe0caf54be' AND "address"='ba0efec3' AND "updated"=1727576816
INSERT INTO "libertybans_addresses" VALUES('00000000-0000-0000-0009-01fe0caf54be','ba0efec3',1727577624)
COMMIT
DELETE FROM "libertybans_names" WHERE "uuid"='00000000-0000-0000-0009-01f77025e3e8' AND "name"='_messirveee777' AND "lower_name"='_messirveee777' AND "updated"=1727577569
INSERT INTO "libertybans_names" VALUES('00000000-0000-0000-0009-01f77025e3e8','_messirveee777','_messirveee777',1727577676)
DELETE FROM "libertybans_addresses" WHERE "uuid"='00000000-0000-0000-0009-01f77025e3e8' AND "address"='ba137b29' AND "updated"=1727577569
INSERT INTO "libertybans_addresses" VALUES('00000000-0000-0000-0009-01f77025e3e8','ba137b29',1727577676)
COMMIT
DELETE FROM "libertybans_names" WHERE "uuid"='00000000-0000-0000-0009-01f77025e3e8' AND "name"='_messirveee777' AND "lower_name"='_messirveee777' AND "updated"=1727577676
INSERT INTO "libertybans_names" VALUES('00000000-0000-0000-0009-01f77025e3e8','_messirveee777','_messirveee777',1727577701)
DELETE FROM "libertybans_addresses" WHERE "uuid"='00000000-0000-0000-0009-01f77025e3e8' AND "address"='ba137b29' AND "updated"=1727577676
INSERT INTO "libertybans_addresses" VALUES('00000000-0000-0000-0009-01f77025e3e8','ba137b29',1727577701)
COMMIT
DELETE FROM "libertybans_names" WHERE "uuid"='00000000-0000-0000-0009-01fe964d7ef3' AND "name"='_Ney933395' AND "lower_name"='_ney933395' AND "updated"=1727577543
INSERT INTO "libertybans_names" VALUES('00000000-0000-0000-0009-01fe964d7ef3','_Ney933395','_ney933395',1727577727)
DELETE FROM "libertybans_addresses" WHERE "uuid"='00000000-0000-0000-0009-01fe964d7ef3' AND "address"='bab0e3a6' AND "updated"=1727577543
INSERT INTO "libertybans_addresses" VALUES('00000000-0000-0000-0009-01fe964d7ef3','bab0e3a6',1727577727)
COMMIT
DELETE FROM "libertybans_names" WHERE "uuid"='00000000-0000-0000-0009-01f77025e3e8' AND "name"='_messirveee777' AND "lower_name"='_messirveee777' AND "updated"=1727577701
INSERT INTO "libertybans_names" VALUES('00000000-0000-0000-0009-01f77025e3e8','_messirveee777','_messirveee777',1727577796)
DELETE FROM "libertybans_addresses" WHERE "uuid"='00000000-0000-0000-0009-01f77025e3e8' AND "address"='ba137b29' AND "updated"=1727577701
INSERT INTO "libertybans_addresses" VALUES('00000000-0000-0000-0009-01f77025e3e8','ba137b29',1727577796)
COMMIT
DELETE FROM "libertybans_names" WHERE "uuid"='e4f616fe-d2cb-332e-bc3e-53f8712a617a' AND "name"='Aleyesmy' AND "lower_name"='aleyesmy' AND "updated"=1727576413
INSERT INTO "libertybans_names" VALUES('e4f616fe-d2cb-332e-bc3e-53f8712a617a','Aleyesmy','aleyesmy',1727577806)
DELETE FROM "libertybans_addresses" WHERE "uuid"='e4f616fe-d2cb-332e-bc3e-53f8712a617a' AND "address"='bb89baa4' AND "updated"=1727576413
INSERT INTO "libertybans_addresses" VALUES('e4f616fe-d2cb-332e-bc3e-53f8712a617a','bb89baa4',1727577806)
COMMIT
INSERT INTO "libertybans_names" VALUES('82d9626f-1368-33a9-995c-997365410184','byYOYO55x','byyoyo55x',1727577841)
INSERT INTO "libertybans_addresses" VALUES('82d9626f-1368-33a9-995c-997365410184','b5e04035',1727577841)
COMMIT
DELETE FROM "libertybans_names" WHERE "uuid"='00000000-0000-0000-0009-01fe964d7ef3' AND "name"='_Ney933395' AND "lower_name"='_ney933395' AND "updated"=1727577727
INSERT INTO "libertybans_names" VALUES('00000000-0000-0000-0009-01fe964d7ef3','_Ney933395','_ney933395',1727577921)
DELETE FROM "libertybans_addresses" WHERE "uuid"='00000000-0000-0000-0009-01fe964d7ef3' AND "address"='bab0e3a6' AND "updated"=1727577727
INSERT INTO "libertybans_addresses" VALUES('00000000-0000-0000-0009-01fe964d7ef3','bab0e3a6',1727577921)
COMMIT
DELETE FROM "libertybans_names" WHERE "uuid"='00000000-0000-0000-0009-01f77025e3e8' AND "name"='_messirveee777' AND "lower_name"='_messirveee777' AND "updated"=1727577796
INSERT INTO "libertybans_names" VALUES('00000000-0000-0000-0009-01f77025e3e8','_messirveee777','_messirveee777',1727577933)
DELETE FROM "libertybans_addresses" WHERE "uuid"='00000000-0000-0000-0009-01f77025e3e8' AND "address"='ba137b29' AND "updated"=1727577796
INSERT INTO "libertybans_addresses" VALUES('00000000-0000-0000-0009-01f77025e3e8','ba137b29',1727577933)
COMMIT
DELETE FROM "libertybans_names" WHERE "uuid"='00000000-0000-0000-0009-01f47264bec4' AND "name"='_Damcraft134' AND "lower_name"='_damcraft134' AND "updated"=1727576897
INSERT INTO "libertybans_names" VALUES('00000000-0000-0000-0009-01f47264bec4','_Damcraft134','_damcraft134',1727577942)
DELETE FROM "libertybans_addresses" WHERE "uuid"='00000000-0000-0000-0009-01f47264bec4' AND "address"='b3269f22' AND "updated"=1727576897
INSERT INTO "libertybans_addresses" VALUES('00000000-0000-0000-0009-01f47264bec4','b3269f22',1727577942)
COMMIT
INSERT INTO "libertybans_names" VALUES('00000000-0000-0000-0009-01f65c0068bf','_marlon2000K','_marlon2000k',1727577956)
INSERT INTO "libertybans_addresses" VALUES('00000000-0000-0000-0009-01f65c0068bf','beefdd90',1727577956)
COMMIT
DELETE FROM "libertybans_names" WHERE "uuid"='e4f616fe-d2cb-332e-bc3e-53f8712a617a' AND "name"='Aleyesmy' AND "lower_name"='aleyesmy' AND "updated"=1727577806
INSERT INTO "libertybans_names" VALUES('e4f616fe-d2cb-332e-bc3e-53f8712a617a','Aleyesmy','aleyesmy',1727577968)
DELETE FROM "libertybans_addresses" WHERE "uuid"='e4f616fe-d2cb-332e-bc3e-53f8712a617a' AND "address"='bb89baa4' AND "updated"=1727577806
INSERT INTO "libertybans_addresses" VALUES('e4f616fe-d2cb-332e-bc3e-53f8712a617a','bb89baa4',1727577968)
COMMIT
INSERT INTO "libertybans_names" VALUES('1975490d-42e6-30ca-8061-248d84122482','Alexleo24022012','alexleo24022012',1727577970)
INSERT INTO "libertybans_addresses" VALUES('1975490d-42e6-30ca-8061-248d84122482','b30650e3',1727577970)
COMMIT
DELETE FROM "libertybans_names" WHERE "uuid"='7b8d753e-8a2c-38e2-91e1-c03beda02cc9' AND "name"='Lionel_Messi21' AND "lower_name"='lionel_messi21' AND "updated"=1727577568
INSERT INTO "libertybans_names" VALUES('7b8d753e-8a2c-38e2-91e1-c03beda02cc9','Lionel_Messi21','lionel_messi21',1727578080)
DELETE FROM "libertybans_addresses" WHERE "uuid"='7b8d753e-8a2c-38e2-91e1-c03beda02cc9' AND "address"='8a79725b' AND "updated"=1727577568
INSERT INTO "libertybans_addresses" VALUES('7b8d753e-8a2c-38e2-91e1-c03beda02cc9','8a79725b',1727578080)
COMMIT
DELETE FROM "libertybans_names" WHERE "uuid"='00000000-0000-0000-0009-01f65c0068bf' AND "name"='_marlon2000K' AND "lower_name"='_marlon2000k' AND "updated"=1727577956
INSERT INTO "libertybans_names" VALUES('00000000-0000-0000-0009-01f65c0068bf','_marlon2000K','_marlon2000k',1727578097)
DELETE FROM "libertybans_addresses" WHERE "uuid"='00000000-0000-0000-0009-01f65c0068bf' AND "address"='beefdd90' AND "updated"=1727577956
INSERT INTO "libertybans_addresses" VALUES('00000000-0000-0000-0009-01f65c0068bf','beefdd90',1727578097)
COMMIT
DELETE FROM "libertybans_names" WHERE "uuid"='00000000-0000-0000-0009-01fe964d7ef3' AND "name"='_Ney933395' AND "lower_name"='_ney933395' AND "updated"=1727577921
INSERT INTO "libertybans_names" VALUES('00000000-0000-0000-0009-01fe964d7ef3','_Ney933395','_ney933395',1727578139)
DELETE FROM "libertybans_addresses" WHERE "uuid"='00000000-0000-0000-0009-01fe964d7ef3' AND "address"='bab0e3a6' AND "updated"=1727577921
INSERT INTO "libertybans_addresses" VALUES('00000000-0000-0000-0009-01fe964d7ef3','bab0e3a6',1727578139)
COMMIT
DELETE FROM "libertybans_names" WHERE "uuid"='00000000-0000-0000-0009-01f5425424ae' AND "name"='_SATCraft4' AND "lower_name"='_satcraft4' AND "updated"=1727576681
INSERT INTO "libertybans_names" VALUES('00000000-0000-0000-0009-01f5425424ae','_SATCraft4','_satcraft4',1727578158)
DELETE FROM "libertybans_addresses" WHERE "uuid"='00000000-0000-0000-0009-01f5425424ae' AND "address"='c8db351a' AND "updated"=1727576681
INSERT INTO "libertybans_addresses" VALUES('00000000-0000-0000-0009-01f5425424ae','c8db351a',1727578158)
COMMIT
DELETE FROM "libertybans_names" WHERE "uuid"='8c0cfad3-3d76-3a09-8352-5228c5697744' AND "name"='DinoAmaru123' AND "lower_name"='dinoamaru123' AND "updated"=1727576687
INSERT INTO "libertybans_names" VALUES('8c0cfad3-3d76-3a09-8352-5228c5697744','DinoAmaru123','dinoamaru123',1727578175)
INSERT INTO "libertybans_addresses" VALUES('8c0cfad3-3d76-3a09-8352-5228c5697744','c9d7dd74',1727578175)
COMMIT
INSERT INTO "libertybans_names" VALUES('254cd50d-8d50-3c62-9756-7d565cc28e70','losus4','losus4',1727578184)
INSERT INTO "libertybans_addresses" VALUES('254cd50d-8d50-3c62-9756-7d565cc28e70','26fda5fc',1727578184)
COMMIT
INSERT INTO "libertybans_names" VALUES('13001292-1fb7-3804-a997-b33617acc4a8','Viloori','viloori',1727578261)
INSERT INTO "libertybans_addresses" VALUES('13001292-1fb7-3804-a997-b33617acc4a8','bdd9c353',1727578261)
COMMIT
DELETE FROM "libertybans_names" WHERE "uuid"='00000000-0000-0000-0009-01f65c0068bf' AND "name"='_marlon2000K' AND "lower_name"='_marlon2000k' AND "updated"=1727578097
INSERT INTO "libertybans_names" VALUES('00000000-0000-0000-0009-01f65c0068bf','_marlon2000K','_marlon2000k',1727578262)
DELETE FROM "libertybans_addresses" WHERE "uuid"='00000000-0000-0000-0009-01f65c0068bf' AND "address"='beefdd90' AND "updated"=1727578097
INSERT INTO "libertybans_addresses" VALUES('00000000-0000-0000-0009-01f65c0068bf','beefdd90',1727578262)
COMMIT
DELETE FROM "libertybans_names" WHERE "uuid"='1975490d-42e6-30ca-8061-248d84122482' AND "name"='Alexleo24022012' AND "lower_name"='alexleo24022012' AND "updated"=1727577970
INSERT INTO "libertybans_names" VALUES('1975490d-42e6-30ca-8061-248d84122482','Alexleo24022012','alexleo24022012',1727578269)
DELETE FROM "libertybans_addresses" WHERE "uuid"='1975490d-42e6-30ca-8061-248d84122482' AND "address"='b30650e3' AND "updated"=1727577970
INSERT INTO "libertybans_addresses" VALUES('1975490d-42e6-30ca-8061-248d84122482','b30650e3',1727578269)
COMMIT
INSERT INTO "libertybans_names" VALUES('00000000-0000-0000-0009-01f2a4da618e','_Derliscraft','_derliscraft',1727578340)
INSERT INTO "libertybans_addresses" VALUES('00000000-0000-0000-0009-01f2a4da618e','9d647155',1727578340)
COMMIT
INSERT INTO "libertybans_names" VALUES('00000000-0000-0000-0009-01f240d86346','_TenthOne9235842','_tenthone9235842',1727578387)
INSERT INTO "libertybans_addresses" VALUES('00000000-0000-0000-0009-01f240d86346','be2c3476',1727578387)
COMMIT
DELETE FROM "libertybans_names" WHERE "uuid"='00000000-0000-0000-0009-01f240d86346' AND "name"='_TenthOne9235842' AND "lower_name"='_tenthone9235842' AND "updated"=1727578387
INSERT INTO "libertybans_names" VALUES('00000000-0000-0000-0009-01f240d86346','_TenthOne9235842','_tenthone9235842',1727578447)
DELETE FROM "libertybans_addresses" WHERE "uuid"='00000000-0000-0000-0009-01f240d86346' AND "address"='be2c3476' AND "updated"=1727578387
INSERT INTO "libertybans_addresses" VALUES('00000000-0000-0000-0009-01f240d86346','be2c3476',1727578447)
COMMIT
INSERT INTO "libertybans_names" VALUES('00000000-0000-0000-0009-01f2dd94b36d','_KCYuki11','_kcyuki11',1727578498)
INSERT INTO "libertybans_addresses" VALUES('00000000-0000-0000-0009-01f2dd94b36d','c9a51cbf',1727578498)
COMMIT
DELETE FROM "libertybans_names" WHERE "uuid"='00000000-0000-0000-0009-01f65c0068bf' AND "name"='_marlon2000K' AND "lower_name"='_marlon2000k' AND "updated"=1727578262
INSERT INTO "libertybans_names" VALUES('00000000-0000-0000-0009-01f65c0068bf','_marlon2000K','_marlon2000k',1727578590)
DELETE FROM "libertybans_addresses" WHERE "uuid"='00000000-0000-0000-0009-01f65c0068bf' AND "address"='beefdd90' AND "updated"=1727578262
INSERT INTO "libertybans_addresses" VALUES('00000000-0000-0000-0009-01f65c0068bf','beefdd90',1727578590)
COMMIT
INSERT INTO "libertybans_names" VALUES('50ad6f6f-2a36-3511-b5bb-13c54b5adac3','gabomaster20','gabomaster20',1727578604)
INSERT INTO "libertybans_addresses" VALUES('50ad6f6f-2a36-3511-b5bb-13c54b5adac3','b306ab68',1727578604)
COMMIT
DELETE FROM "libertybans_names" WHERE "uuid"='e4f616fe-d2cb-332e-bc3e-53f8712a617a' AND "name"='Aleyesmy' AND "lower_name"='aleyesmy' AND "updated"=1727577968
INSERT INTO "libertybans_names" VALUES('e4f616fe-d2cb-332e-bc3e-53f8712a617a','Aleyesmy','aleyesmy',1727578610)
DELETE FROM "libertybans_addresses" WHERE "uuid"='e4f616fe-d2cb-332e-bc3e-53f8712a617a' AND "address"='bb89baa4' AND "updated"=1727577968
INSERT INTO "libertybans_addresses" VALUES('e4f616fe-d2cb-332e-bc3e-53f8712a617a','bb89baa4',1727578610)
COMMIT
DELETE FROM "libertybans_names" WHERE "uuid"='00000000-0000-0000-0009-01f2dd94b36d' AND "name"='_KCYuki11' AND "lower_name"='_kcyuki11' AND "updated"=1727578498
INSERT INTO "libertybans_names" VALUES('00000000-0000-0000-0009-01f2dd94b36d','_KCYuki11','_kcyuki11',1727578640)
DELETE FROM "libertybans_addresses" WHERE "uuid"='00000000-0000-0000-0009-01f2dd94b36d' AND "address"='c9a51cbf' AND "updated"=1727578498
INSERT INTO "libertybans_addresses" VALUES('00000000-0000-0000-0009-01f2dd94b36d','c9a51cbf',1727578640)
COMMIT
DELETE FROM "libertybans_names" WHERE "uuid"='00000000-0000-0000-0009-01fc77b7fab1' AND "name"='_xTiifa' AND "lower_name"='_xtiifa' AND "updated"=1727575773
INSERT INTO "libertybans_names" VALUES('00000000-0000-0000-0009-01fc77b7fab1','_xTiifa','_xtiifa',1727578677)
DELETE FROM "libertybans_addresses" WHERE "uuid"='00000000-0000-0000-0009-01fc77b7fab1' AND "address"='b33c4ada' AND "updated"=1727575773
INSERT INTO "libertybans_addresses" VALUES('00000000-0000-0000-0009-01fc77b7fab1','b33c4ada',1727578677)
COMMIT
DISCONNECT
/*C14*/SET SCHEMA PUBLIC
SET DATABASE TRANSACTION CONTROL MVLOCKS
/*C11*/DISCONNECT
/*C15*/SET SCHEMA PUBLIC
SET DATABASE TRANSACTION CONTROL MVLOCKS
/*C13*/DISCONNECT
/*C16*/SET SCHEMA PUBLIC
SET DATABASE TRANSACTION CONTROL MVLOCKS
/*C9*/DISCONNECT
/*C17*/SET SCHEMA PUBLIC
SET DATABASE TRANSACTION CONTROL MVLOCKS
/*C10*/INSERT INTO "libertybans_names" VALUES('00000000-0000-0000-0009-01fa918e3cbd','_VPANDA501902','_vpanda501902',1727578709)
INSERT INTO "libertybans_addresses" VALUES('00000000-0000-0000-0009-01fa918e3cbd','4c85bc20',1727578709)
COMMIT
DISCONNECT
/*C18*/SET SCHEMA PUBLIC
SET DATABASE TRANSACTION CONTROL MVLOCKS
/*C12*/DISCONNECT
/*C19*/SET SCHEMA PUBLIC
SET DATABASE TRANSACTION CONTROL MVLOCKS
/*C14*/DELETE FROM "libertybans_names" WHERE "uuid"='00000000-0000-0000-0009-01fa918e3cbd' AND "name"='_VPANDA501902' AND "lower_name"='_vpanda501902' AND "updated"=1727578709
INSERT INTO "libertybans_names" VALUES('00000000-0000-0000-0009-01fa918e3cbd','_VPANDA501902','_vpanda501902',1727578776)
DELETE FROM "libertybans_addresses" WHERE "uuid"='00000000-0000-0000-0009-01fa918e3cbd' AND "address"='4c85bc20' AND "updated"=1727578709
INSERT INTO "libertybans_addresses" VALUES('00000000-0000-0000-0009-01fa918e3cbd','4c85bc20',1727578776)
COMMIT
DELETE FROM "libertybans_names" WHERE "uuid"='00000000-0000-0000-0009-01f9a5903701' AND "name"='_CurrentRain9167' AND "lower_name"='_currentrain9167' AND "updated"=1727577417
INSERT INTO "libertybans_names" VALUES('00000000-0000-0000-0009-01f9a5903701','_CurrentRain9167','_currentrain9167',1727578831)
DELETE FROM "libertybans_addresses" WHERE "uuid"='00000000-0000-0000-0009-01f9a5903701' AND "address"='b33c40a1' AND "updated"=1727577417
INSERT INTO "libertybans_addresses" VALUES('00000000-0000-0000-0009-01f9a5903701','b33c40a1',1727578831)
COMMIT
INSERT INTO "libertybans_names" VALUES('00000000-0000-0000-0009-01f7c2380548','_DinoAmaru123','_dinoamaru123',1727578898)
INSERT INTO "libertybans_addresses" VALUES('00000000-0000-0000-0009-01f7c2380548','c9d7dd74',1727578898)
COMMIT
DELETE FROM "libertybans_names" WHERE "uuid"='00000000-0000-0000-0009-01f8681ac547' AND "name"='_OxtailOrange47' AND "lower_name"='_oxtailorange47' AND "updated"=1727574774
INSERT INTO "libertybans_names" VALUES('00000000-0000-0000-0009-01f8681ac547','_OxtailOrange47','_oxtailorange47',1727578918)
DELETE FROM "libertybans_addresses" WHERE "uuid"='00000000-0000-0000-0009-01f8681ac547' AND "address"='b1e6685f' AND "updated"=1727574774
INSERT INTO "libertybans_addresses" VALUES('00000000-0000-0000-0009-01f8681ac547','b1e6685f',1727578918)
COMMIT
INSERT INTO "libertybans_names" VALUES('00000000-0000-0000-0009-01f677bc6fba','_Thiagoxd80','_thiagoxd80',1727578932)
INSERT INTO "libertybans_addresses" VALUES('00000000-0000-0000-0009-01f677bc6fba','be8b4825',1727578932)
COMMIT
DELETE FROM "libertybans_names" WHERE "uuid"='1975490d-42e6-30ca-8061-248d84122482' AND "name"='Alexleo24022012' AND "lower_name"='alexleo24022012' AND "updated"=1727578269
INSERT INTO "libertybans_names" VALUES('1975490d-42e6-30ca-8061-248d84122482','Alexleo24022012','alexleo24022012',1727578938)
DELETE FROM "libertybans_addresses" WHERE "uuid"='1975490d-42e6-30ca-8061-248d84122482' AND "address"='b30650e3' AND "updated"=1727578269
INSERT INTO "libertybans_addresses" VALUES('1975490d-42e6-30ca-8061-248d84122482','b30650e3',1727578938)
COMMIT
DELETE FROM "libertybans_names" WHERE "uuid"='00000000-0000-0000-0009-01fa918e3cbd' AND "name"='_VPANDA501902' AND "lower_name"='_vpanda501902' AND "updated"=1727578776
INSERT INTO "libertybans_names" VALUES('00000000-0000-0000-0009-01fa918e3cbd','_VPANDA501902','_vpanda501902',1727579072)
DELETE FROM "libertybans_addresses" WHERE "uuid"='00000000-0000-0000-0009-01fa918e3cbd' AND "address"='4c85bc20' AND "updated"=1727578776
INSERT INTO "libertybans_addresses" VALUES('00000000-0000-0000-0009-01fa918e3cbd','4c85bc20',1727579072)
COMMIT
INSERT INTO "libertybans_names" VALUES('ac0cc60a-974d-335e-9dd9-e14581ef3393','Its_0perez','its_0perez',1727579122)
INSERT INTO "libertybans_addresses" VALUES('ac0cc60a-974d-335e-9dd9-e14581ef3393','ba9b0c1b',1727579122)
COMMIT
INSERT INTO "libertybans_names" VALUES('00000000-0000-0000-0009-01f80c161f3a','_Minemods07','_minemods07',1727579128)
INSERT INTO "libertybans_addresses" VALUES('00000000-0000-0000-0009-01f80c161f3a','b1ec4606',1727579128)
COMMIT
INSERT INTO "libertybans_names" VALUES('aa1157d5-85ff-3245-b193-55908942fb4d','lasumc','lasumc',1727579146)
INSERT INTO "libertybans_addresses" VALUES('aa1157d5-85ff-3245-b193-55908942fb4d','c99f4c7e',1727579146)
COMMIT
INSERT INTO "libertybans_names" VALUES('dd6a6d31-0b6d-3eb9-a826-55392a7c1ea8','DT_Tokito','dt_tokito',1727579208)
INSERT INTO "libertybans_addresses" VALUES('dd6a6d31-0b6d-3eb9-a826-55392a7c1ea8','be7063c5',1727579208)
COMMIT
DELETE FROM "libertybans_names" WHERE "uuid"='00000000-0000-0000-0009-01fa918e3cbd' AND "name"='_VPANDA501902' AND "lower_name"='_vpanda501902' AND "updated"=1727579072
INSERT INTO "libertybans_names" VALUES('00000000-0000-0000-0009-01fa918e3cbd','_VPANDA501902','_vpanda501902',1727579228)
DELETE FROM "libertybans_addresses" WHERE "uuid"='00000000-0000-0000-0009-01fa918e3cbd' AND "address"='4c85bc20' AND "updated"=1727579072
INSERT INTO "libertybans_addresses" VALUES('00000000-0000-0000-0009-01fa918e3cbd','4c85bc20',1727579228)
COMMIT
DELETE FROM "libertybans_names" WHERE "uuid"='00000000-0000-0000-0009-01fe8d559b83' AND "name"='_Its_0perez' AND "lower_name"='_its_0perez' AND "updated"=1727576700
INSERT INTO "libertybans_names" VALUES('00000000-0000-0000-0009-01fe8d559b83','_Its_0perez','_its_0perez',1727579297)
DELETE FROM "libertybans_addresses" WHERE "uuid"='00000000-0000-0000-0009-01fe8d559b83' AND "address"='ba9b0c1b' AND "updated"=1727576700
INSERT INTO "libertybans_addresses" VALUES('00000000-0000-0000-0009-01fe8d559b83','ba9b0c1b',1727579297)
COMMIT
DELETE FROM "libertybans_names" WHERE "uuid"='2d744fef-738e-39f1-8498-6283c0de0c83' AND "name"='Dann2103' AND "lower_name"='dann2103' AND "updated"=1727576739
INSERT INTO "libertybans_names" VALUES('2d744fef-738e-39f1-8498-6283c0de0c83','Dann2103','dann2103',1727579305)
DELETE FROM "libertybans_addresses" WHERE "uuid"='2d744fef-738e-39f1-8498-6283c0de0c83' AND "address"='bdd942f3' AND "updated"=1727576739
INSERT INTO "libertybans_addresses" VALUES('2d744fef-738e-39f1-8498-6283c0de0c83','bdd942f3',1727579305)
COMMIT
INSERT INTO "libertybans_names" VALUES('00000000-0000-0000-0009-01f1017cad92','_ElRamirez1387','_elramirez1387',1727579335)
INSERT INTO "libertybans_addresses" VALUES('00000000-0000-0000-0009-01f1017cad92','beef4a49',1727579335)
COMMIT
DELETE FROM "libertybans_names" WHERE "uuid"='00000000-0000-0000-0009-01f0f2d21748' AND "name"='_FFisaaYT' AND "lower_name"='_ffisaayt' AND "updated"=1727575762
INSERT INTO "libertybans_names" VALUES('00000000-0000-0000-0009-01f0f2d21748','_FFisaaYT','_ffisaayt',1727579380)
DELETE FROM "libertybans_addresses" WHERE "uuid"='00000000-0000-0000-0009-01f0f2d21748' AND "address"='b1c8ef42' AND "updated"=1727575762
INSERT INTO "libertybans_addresses" VALUES('00000000-0000-0000-0009-01f0f2d21748','b1c8ef42',1727579380)
COMMIT
DELETE FROM "libertybans_names" WHERE "uuid"='00000000-0000-0000-0009-01f2dd94b36d' AND "name"='_KCYuki11' AND "lower_name"='_kcyuki11' AND "updated"=1727578640
INSERT INTO "libertybans_names" VALUES('00000000-0000-0000-0009-01f2dd94b36d','_KCYuki11','_kcyuki11',1727579477)
DELETE FROM "libertybans_addresses" WHERE "uuid"='00000000-0000-0000-0009-01f2dd94b36d' AND "address"='c9a51cbf' AND "updated"=1727578640
INSERT INTO "libertybans_addresses" VALUES('00000000-0000-0000-0009-01f2dd94b36d','c9a51cbf',1727579477)
COMMIT
DELETE FROM "libertybans_names" WHERE "uuid"='00000000-0000-0000-0009-01f2a4da618e' AND "name"='_Derliscraft' AND "lower_name"='_derliscraft' AND "updated"=1727578340
INSERT INTO "libertybans_names" VALUES('00000000-0000-0000-0009-01f2a4da618e','_Derliscraft','_derliscraft',1727579512)
DELETE FROM "libertybans_addresses" WHERE "uuid"='00000000-0000-0000-0009-01f2a4da618e' AND "address"='9d647155' AND "updated"=1727578340
INSERT INTO "libertybans_addresses" VALUES('00000000-0000-0000-0009-01f2a4da618e','9d647155',1727579512)
COMMIT
DELETE FROM "libertybans_names" WHERE "uuid"='00000000-0000-0000-0009-01f2a4da618e' AND "name"='_Derliscraft' AND "lower_name"='_derliscraft' AND "updated"=1727579512
INSERT INTO "libertybans_names" VALUES('00000000-0000-0000-0009-01f2a4da618e','_Derliscraft','_derliscraft',1727579643)
DELETE FROM "libertybans_addresses" WHERE "uuid"='00000000-0000-0000-0009-01f2a4da618e' AND "address"='9d647155' AND "updated"=1727579512
INSERT INTO "libertybans_addresses" VALUES('00000000-0000-0000-0009-01f2a4da618e','9d647155',1727579643)
COMMIT
DELETE FROM "libertybans_names" WHERE "uuid"='00000000-0000-0000-0009-01f77025e3e8' AND "name"='_messirveee777' AND "lower_name"='_messirveee777' AND "updated"=1727577933
INSERT INTO "libertybans_names" VALUES('00000000-0000-0000-0009-01f77025e3e8','_messirveee777','_messirveee777',1727579654)
DELETE FROM "libertybans_addresses" WHERE "uuid"='00000000-0000-0000-0009-01f77025e3e8' AND "address"='ba137b29' AND "updated"=1727577933
INSERT INTO "libertybans_addresses" VALUES('00000000-0000-0000-0009-01f77025e3e8','ba137b29',1727579654)
COMMIT
DELETE FROM "libertybans_names" WHERE "uuid"='00000000-0000-0000-0009-01f2a4da618e' AND "name"='_Derliscraft' AND "lower_name"='_derliscraft' AND "updated"=1727579643
INSERT INTO "libertybans_names" VALUES('00000000-0000-0000-0009-01f2a4da618e','_Derliscraft','_derliscraft',1727579777)
DELETE FROM "libertybans_addresses" WHERE "uuid"='00000000-0000-0000-0009-01f2a4da618e' AND "address"='9d647155' AND "updated"=1727579643
INSERT INTO "libertybans_addresses" VALUES('00000000-0000-0000-0009-01f2a4da618e','9d647155',1727579777)
COMMIT
INSERT INTO "libertybans_names" VALUES('ae994142-4086-3b70-b346-696df442ecec','kzls__','kzls__',1727579789)
INSERT INTO "libertybans_addresses" VALUES('ae994142-4086-3b70-b346-696df442ecec','26fa8322',1727579789)
COMMIT
DELETE FROM "libertybans_names" WHERE "uuid"='00000000-0000-0000-0009-01f38bc03be1' AND "name"='_Sebastian96221' AND "lower_name"='_sebastian96221' AND "updated"=1727577026
INSERT INTO "libertybans_names" VALUES('00000000-0000-0000-0009-01f38bc03be1','_Sebastian96221','_sebastian96221',1727579843)
DELETE FROM "libertybans_addresses" WHERE "uuid"='00000000-0000-0000-0009-01f38bc03be1' AND "address"='b53b03f0' AND "updated"=1727577026
INSERT INTO "libertybans_addresses" VALUES('00000000-0000-0000-0009-01f38bc03be1','b53b03f0',1727579843)
COMMIT
DELETE FROM "libertybans_names" WHERE "uuid"='00000000-0000-0000-0009-01f2a4da618e' AND "name"='_Derliscraft' AND "lower_name"='_derliscraft' AND "updated"=1727579777
INSERT INTO "libertybans_names" VALUES('00000000-0000-0000-0009-01f2a4da618e','_Derliscraft','_derliscraft',1727579885)
DELETE FROM "libertybans_addresses" WHERE "uuid"='00000000-0000-0000-0009-01f2a4da618e' AND "address"='9d647155' AND "updated"=1727579777
INSERT INTO "libertybans_addresses" VALUES('00000000-0000-0000-0009-01f2a4da618e','9d647155',1727579885)
COMMIT
INSERT INTO "libertybans_names" VALUES('00000000-0000-0000-0009-01f0357ecfc0','_Cheemleoyt10498','_cheemleoyt10498',1727579893)
INSERT INTO "libertybans_addresses" VALUES('00000000-0000-0000-0009-01f0357ecfc0','c85ce875',1727579893)
COMMIT
DELETE FROM "libertybans_names" WHERE "uuid"='00000000-0000-0000-0009-01f7d85102f6' AND "name"='_BOMF15' AND "lower_name"='_bomf15' AND "updated"=1727577491
INSERT INTO "libertybans_names" VALUES('00000000-0000-0000-0009-01f7d85102f6','_BOMF15','_bomf15',1727580091)
DELETE FROM "libertybans_addresses" WHERE "uuid"='00000000-0000-0000-0009-01f7d85102f6' AND "address"='2dace489' AND "updated"=1727577491
INSERT INTO "libertybans_addresses" VALUES('00000000-0000-0000-0009-01f7d85102f6','2dace489',1727580091)
COMMIT
DELETE FROM "libertybans_names" WHERE "uuid"='00000000-0000-0000-0009-01f0357ecfc0' AND "name"='_Cheemleoyt10498' AND "lower_name"='_cheemleoyt10498' AND "updated"=1727579893
INSERT INTO "libertybans_names" VALUES('00000000-0000-0000-0009-01f0357ecfc0','_Cheemleoyt10498','_cheemleoyt10498',1727580138)
DELETE FROM "libertybans_addresses" WHERE "uuid"='00000000-0000-0000-0009-01f0357ecfc0' AND "address"='c85ce875' AND "updated"=1727579893
INSERT INTO "libertybans_addresses" VALUES('00000000-0000-0000-0009-01f0357ecfc0','c85ce875',1727580138)
COMMIT
DISCONNECT
/*C20*/SET SCHEMA PUBLIC
SET DATABASE TRANSACTION CONTROL MVLOCKS
/*C15*/DISCONNECT
/*C21*/SET SCHEMA PUBLIC
SET DATABASE TRANSACTION CONTROL MVLOCKS
/*C16*/DISCONNECT
/*C22*/SET SCHEMA PUBLIC
SET DATABASE TRANSACTION CONTROL MVLOCKS
/*C17*/DISCONNECT
/*C23*/SET SCHEMA PUBLIC
SET DATABASE TRANSACTION CONTROL MVLOCKS
/*C19*/DISCONNECT
/*C24*/SET SCHEMA PUBLIC
SET DATABASE TRANSACTION CONTROL MVLOCKS
/*C18*/DISCONNECT
/*C25*/SET SCHEMA PUBLIC
SET DATABASE TRANSACTION CONTROL MVLOCKS
/*C20*/DELETE FROM "libertybans_names" WHERE "uuid"='00000000-0000-0000-0009-01f21d7bcf2e' AND "name"='_titirebecca' AND "lower_name"='_titirebecca' AND "updated"=1727577035
INSERT INTO "libertybans_names" VALUES('00000000-0000-0000-0009-01f21d7bcf2e','_titirebecca','_titirebecca',1727580240)
DELETE FROM "libertybans_addresses" WHERE "uuid"='00000000-0000-0000-0009-01f21d7bcf2e' AND "address"='6c93d421' AND "updated"=1727577035
INSERT INTO "libertybans_addresses" VALUES('00000000-0000-0000-0009-01f21d7bcf2e','6c93d421',1727580240)
COMMIT
DELETE FROM "libertybans_names" WHERE "uuid"='00000000-0000-0000-0009-01f77025e3e8' AND "name"='_messirveee777' AND "lower_name"='_messirveee777' AND "updated"=1727579654
INSERT INTO "libertybans_names" VALUES('00000000-0000-0000-0009-01f77025e3e8','_messirveee777','_messirveee777',1727580327)
DELETE FROM "libertybans_addresses" WHERE "uuid"='00000000-0000-0000-0009-01f77025e3e8' AND "address"='ba137b29' AND "updated"=1727579654
INSERT INTO "libertybans_addresses" VALUES('00000000-0000-0000-0009-01f77025e3e8','ba137b29',1727580327)
COMMIT
DELETE FROM "libertybans_names" WHERE "uuid"='ae994142-4086-3b70-b346-696df442ecec' AND "name"='kzls__' AND "lower_name"='kzls__' AND "updated"=1727579789
INSERT INTO "libertybans_names" VALUES('ae994142-4086-3b70-b346-696df442ecec','kzls__','kzls__',1727580469)
DELETE FROM "libertybans_addresses" WHERE "uuid"='ae994142-4086-3b70-b346-696df442ecec' AND "address"='26fa8322' AND "updated"=1727579789
INSERT INTO "libertybans_addresses" VALUES('ae994142-4086-3b70-b346-696df442ecec','26fa8322',1727580469)
COMMIT
INSERT INTO "libertybans_names" VALUES('f077764c-832d-37ff-bd10-c6fadf41d26e','Pepito_gaming','pepito_gaming',1727580519)
INSERT INTO "libertybans_addresses" VALUES('f077764c-832d-37ff-bd10-c6fadf41d26e','b52e2156',1727580519)
COMMIT
DELETE FROM "libertybans_names" WHERE "uuid"='bd18e564-f50b-3135-990d-32423fa87c8d' AND "name"='ByJuanelGamer' AND "lower_name"='byjuanelgamer' AND "updated"=1727576684
INSERT INTO "libertybans_names" VALUES('bd18e564-f50b-3135-990d-32423fa87c8d','ByJuanelGamer','byjuanelgamer',1727580625)
DELETE FROM "libertybans_addresses" WHERE "uuid"='bd18e564-f50b-3135-990d-32423fa87c8d' AND "address"='b5d15954' AND "updated"=1727576684
INSERT INTO "libertybans_addresses" VALUES('bd18e564-f50b-3135-990d-32423fa87c8d','b5d15954',1727580625)
COMMIT
DELETE FROM "libertybans_names" WHERE "uuid"='f077764c-832d-37ff-bd10-c6fadf41d26e' AND "name"='Pepito_gaming' AND "lower_name"='pepito_gaming' AND "updated"=1727580519
INSERT INTO "libertybans_names" VALUES('f077764c-832d-37ff-bd10-c6fadf41d26e','Pepito_gaming','pepito_gaming',1727580641)
DELETE FROM "libertybans_addresses" WHERE "uuid"='f077764c-832d-37ff-bd10-c6fadf41d26e' AND "address"='b52e2156' AND "updated"=1727580519
INSERT INTO "libertybans_addresses" VALUES('f077764c-832d-37ff-bd10-c6fadf41d26e','b52e2156',1727580641)
COMMIT
DELETE FROM "libertybans_names" WHERE "uuid"='bd18e564-f50b-3135-990d-32423fa87c8d' AND "name"='ByJuanelGamer' AND "lower_name"='byjuanelgamer' AND "updated"=1727580625
INSERT INTO "libertybans_names" VALUES('bd18e564-f50b-3135-990d-32423fa87c8d','ByJuanelGamer','byjuanelgamer',1727580687)
DELETE FROM "libertybans_addresses" WHERE "uuid"='bd18e564-f50b-3135-990d-32423fa87c8d' AND "address"='b5d15954' AND "updated"=1727580625
INSERT INTO "libertybans_addresses" VALUES('bd18e564-f50b-3135-990d-32423fa87c8d','b5d15954',1727580687)
COMMIT
DELETE FROM "libertybans_names" WHERE "uuid"='f077764c-832d-37ff-bd10-c6fadf41d26e' AND "name"='Pepito_gaming' AND "lower_name"='pepito_gaming' AND "updated"=1727580641
INSERT INTO "libertybans_names" VALUES('f077764c-832d-37ff-bd10-c6fadf41d26e','Pepito_gaming','pepito_gaming',1727580720)
DELETE FROM "libertybans_addresses" WHERE "uuid"='f077764c-832d-37ff-bd10-c6fadf41d26e' AND "address"='b52e2156' AND "updated"=1727580641
INSERT INTO "libertybans_addresses" VALUES('f077764c-832d-37ff-bd10-c6fadf41d26e','b52e2156',1727580720)
COMMIT
DELETE FROM "libertybans_names" WHERE "uuid"='00000000-0000-0000-0009-01f47bd73761' AND "name"='_MaicolMalcom' AND "lower_name"='_maicolmalcom' AND "updated"=1727557276
INSERT INTO "libertybans_names" VALUES('00000000-0000-0000-0009-01f47bd73761','_MaicolMalcom','_maicolmalcom',1727580764)
DELETE FROM "libertybans_addresses" WHERE "uuid"='00000000-0000-0000-0009-01f47bd73761' AND "address"='bbf4624f' AND "updated"=1727557276
INSERT INTO "libertybans_addresses" VALUES('00000000-0000-0000-0009-01f47bd73761','bbf4624f',1727580764)
COMMIT
DELETE FROM "libertybans_names" WHERE "uuid"='f077764c-832d-37ff-bd10-c6fadf41d26e' AND "name"='Pepito_gaming' AND "lower_name"='pepito_gaming' AND "updated"=1727580720
INSERT INTO "libertybans_names" VALUES('f077764c-832d-37ff-bd10-c6fadf41d26e','Pepito_gaming','pepito_gaming',1727580785)
DELETE FROM "libertybans_addresses" WHERE "uuid"='f077764c-832d-37ff-bd10-c6fadf41d26e' AND "address"='b52e2156' AND "updated"=1727580720
INSERT INTO "libertybans_addresses" VALUES('f077764c-832d-37ff-bd10-c6fadf41d26e','b52e2156',1727580785)
COMMIT
DELETE FROM "libertybans_names" WHERE "uuid"='00000000-0000-0000-0009-01fdc7b09379' AND "name"='_PrayedCapibarar' AND "lower_name"='_prayedcapibarar' AND "updated"=1727576932
INSERT INTO "libertybans_names" VALUES('00000000-0000-0000-0009-01fdc7b09379','_PrayedCapibarar','_prayedcapibarar',1727580788)
DELETE FROM "libertybans_addresses" WHERE "uuid"='00000000-0000-0000-0009-01fdc7b09379' AND "address"='b5d1788d' AND "updated"=1727576932
INSERT INTO "libertybans_addresses" VALUES('00000000-0000-0000-0009-01fdc7b09379','b5d1788d',1727580788)
COMMIT
DELETE FROM "libertybans_names" WHERE "uuid"='f077764c-832d-37ff-bd10-c6fadf41d26e' AND "name"='Pepito_gaming' AND "lower_name"='pepito_gaming' AND "updated"=1727580785
INSERT INTO "libertybans_names" VALUES('f077764c-832d-37ff-bd10-c6fadf41d26e','Pepito_gaming','pepito_gaming',1727580847)
DELETE FROM "libertybans_addresses" WHERE "uuid"='f077764c-832d-37ff-bd10-c6fadf41d26e' AND "address"='b52e2156' AND "updated"=1727580785
INSERT INTO "libertybans_addresses" VALUES('f077764c-832d-37ff-bd10-c6fadf41d26e','b52e2156',1727580847)
COMMIT
DELETE FROM "libertybans_names" WHERE "uuid"='00000000-0000-0000-0009-01fdc7b09379' AND "name"='_PrayedCapibarar' AND "lower_name"='_prayedcapibarar' AND "updated"=1727580788
INSERT INTO "libertybans_names" VALUES('00000000-0000-0000-0009-01fdc7b09379','_PrayedCapibarar','_prayedcapibarar',1727580859)
DELETE FROM "libertybans_addresses" WHERE "uuid"='00000000-0000-0000-0009-01fdc7b09379' AND "address"='b5d1788d' AND "updated"=1727580788
INSERT INTO "libertybans_addresses" VALUES('00000000-0000-0000-0009-01fdc7b09379','b5d1788d',1727580859)
COMMIT
DELETE FROM "libertybans_names" WHERE "uuid"='00000000-0000-0000-0009-01f2dd94b36d' AND "name"='_KCYuki11' AND "lower_name"='_kcyuki11' AND "updated"=1727579477
INSERT INTO "libertybans_names" VALUES('00000000-0000-0000-0009-01f2dd94b36d','_KCYuki11','_kcyuki11',1727580879)
DELETE FROM "libertybans_addresses" WHERE "uuid"='00000000-0000-0000-0009-01f2dd94b36d' AND "address"='c9a51cbf' AND "updated"=1727579477
INSERT INTO "libertybans_addresses" VALUES('00000000-0000-0000-0009-01f2dd94b36d','c9a51cbf',1727580879)
COMMIT
DELETE FROM "libertybans_names" WHERE "uuid"='f077764c-832d-37ff-bd10-c6fadf41d26e' AND "name"='Pepito_gaming' AND "lower_name"='pepito_gaming' AND "updated"=1727580847
INSERT INTO "libertybans_names" VALUES('f077764c-832d-37ff-bd10-c6fadf41d26e','Pepito_gaming','pepito_gaming',1727580897)
DELETE FROM "libertybans_addresses" WHERE "uuid"='f077764c-832d-37ff-bd10-c6fadf41d26e' AND "address"='b52e2156' AND "updated"=1727580847
INSERT INTO "libertybans_addresses" VALUES('f077764c-832d-37ff-bd10-c6fadf41d26e','b52e2156',1727580897)
COMMIT
DELETE FROM "libertybans_names" WHERE "uuid"='00000000-0000-0000-0009-01f47bd73761' AND "name"='_MaicolMalcom' AND "lower_name"='_maicolmalcom' AND "updated"=1727580764
INSERT INTO "libertybans_names" VALUES('00000000-0000-0000-0009-01f47bd73761','_MaicolMalcom','_maicolmalcom',1727580964)
DELETE FROM "libertybans_addresses" WHERE "uuid"='00000000-0000-0000-0009-01f47bd73761' AND "address"='bbf4624f' AND "updated"=1727580764
INSERT INTO "libertybans_addresses" VALUES('00000000-0000-0000-0009-01f47bd73761','bbf4624f',1727580964)
COMMIT
INSERT INTO "libertybans_names" VALUES('c0e17e20-0641-393d-a185-e04bb4ae722c','yetsonpena','yetsonpena',1727581198)
INSERT INTO "libertybans_addresses" VALUES('c0e17e20-0641-393d-a185-e04bb4ae722c','98ad2f73',1727581198)
COMMIT
INSERT INTO "libertybans_names" VALUES('a12ec7fe-a316-33b8-80c1-604e3f7ac5c8','DarkexGame','darkexgame',1727581207)
INSERT INTO "libertybans_addresses" VALUES('a12ec7fe-a316-33b8-80c1-604e3f7ac5c8','bbbe5b27',1727581207)
COMMIT
INSERT INTO "libertybans_names" VALUES('080b29ac-bfdc-3128-9520-c30d7d5e0ed4','cagitopro777','cagitopro777',1727581260)
INSERT INTO "libertybans_addresses" VALUES('080b29ac-bfdc-3128-9520-c30d7d5e0ed4','b5c7291f',1727581260)
COMMIT
DELETE FROM "libertybans_names" WHERE "uuid"='00000000-0000-0000-0009-01f1017cad92' AND "name"='_ElRamirez1387' AND "lower_name"='_elramirez1387' AND "updated"=1727579335
INSERT INTO "libertybans_names" VALUES('00000000-0000-0000-0009-01f1017cad92','_ElRamirez1387','_elramirez1387',1727581416)
DELETE FROM "libertybans_addresses" WHERE "uuid"='00000000-0000-0000-0009-01f1017cad92' AND "address"='beef4a49' AND "updated"=1727579335
INSERT INTO "libertybans_addresses" VALUES('00000000-0000-0000-0009-01f1017cad92','beef4a49',1727581416)
COMMIT
INSERT INTO "libertybans_names" VALUES('ed2ad8ee-87b9-360b-b278-1bcce35651a0','Nahuuel','nahuuel',1727581484)
INSERT INTO "libertybans_addresses" VALUES('ed2ad8ee-87b9-360b-b278-1bcce35651a0','ba6f8aaa',1727581484)
COMMIT
INSERT INTO "libertybans_names" VALUES('15f36f9d-d9bc-3184-9c7a-24241c3c2a20','marlon2000K','marlon2000k',1727581605)
INSERT INTO "libertybans_addresses" VALUES('15f36f9d-d9bc-3184-9c7a-24241c3c2a20','beefdd90',1727581605)
COMMIT
DISCONNECT
/*C26*/SET SCHEMA PUBLIC
SET DATABASE TRANSACTION CONTROL MVLOCKS
/*C21*/DISCONNECT
/*C27*/SET SCHEMA PUBLIC
SET DATABASE TRANSACTION CONTROL MVLOCKS
/*C23*/DISCONNECT
/*C28*/SET SCHEMA PUBLIC
SET DATABASE TRANSACTION CONTROL MVLOCKS
/*C22*/DISCONNECT
/*C29*/SET SCHEMA PUBLIC
SET DATABASE TRANSACTION CONTROL MVLOCKS
/*C24*/DELETE FROM "libertybans_names" WHERE "uuid"='00000000-0000-0000-0009-01f65c0068bf' AND "name"='_marlon2000K' AND "lower_name"='_marlon2000k' AND "updated"=1727578590
INSERT INTO "libertybans_names" VALUES('00000000-0000-0000-0009-01f65c0068bf','_marlon2000K','_marlon2000k',1727581666)
DELETE FROM "libertybans_addresses" WHERE "uuid"='00000000-0000-0000-0009-01f65c0068bf' AND "address"='beefdd90' AND "updated"=1727578590
INSERT INTO "libertybans_addresses" VALUES('00000000-0000-0000-0009-01f65c0068bf','beefdd90',1727581666)
COMMIT
DISCONNECT
/*C30*/SET SCHEMA PUBLIC
SET DATABASE TRANSACTION CONTROL MVLOCKS
/*C25*/DISCONNECT
/*C31*/SET SCHEMA PUBLIC
SET DATABASE TRANSACTION CONTROL MVLOCKS
/*C26*/INSERT INTO "libertybans_names" VALUES('00f0adac-f55d-3959-a2c4-56473b4124ba','pashoceba','pashoceba',1727581759)
INSERT INTO "libertybans_addresses" VALUES('00f0adac-f55d-3959-a2c4-56473b4124ba','b5e91a85',1727581759)
COMMIT
DELETE FROM "libertybans_names" WHERE "uuid"='ae994142-4086-3b70-b346-696df442ecec' AND "name"='kzls__' AND "lower_name"='kzls__' AND "updated"=1727580469
INSERT INTO "libertybans_names" VALUES('ae994142-4086-3b70-b346-696df442ecec','kzls__','kzls__',1727581769)
DELETE FROM "libertybans_addresses" WHERE "uuid"='ae994142-4086-3b70-b346-696df442ecec' AND "address"='26fa8322' AND "updated"=1727580469
INSERT INTO "libertybans_addresses" VALUES('ae994142-4086-3b70-b346-696df442ecec','26fa8322',1727581769)
COMMIT
DELETE FROM "libertybans_names" WHERE "uuid"='00000000-0000-0000-0009-01f240d86346' AND "name"='_TenthOne9235842' AND "lower_name"='_tenthone9235842' AND "updated"=1727578447
INSERT INTO "libertybans_names" VALUES('00000000-0000-0000-0009-01f240d86346','_TenthOne9235842','_tenthone9235842',1727581772)
DELETE FROM "libertybans_addresses" WHERE "uuid"='00000000-0000-0000-0009-01f240d86346' AND "address"='be2c3476' AND "updated"=1727578447
INSERT INTO "libertybans_addresses" VALUES('00000000-0000-0000-0009-01f240d86346','be2c3476',1727581772)
COMMIT
DELETE FROM "libertybans_names" WHERE "uuid"='00000000-0000-0000-0009-01f65c0068bf' AND "name"='_marlon2000K' AND "lower_name"='_marlon2000k' AND "updated"=1727581666
INSERT INTO "libertybans_names" VALUES('00000000-0000-0000-0009-01f65c0068bf','_marlon2000K','_marlon2000k',1727581821)
DELETE FROM "libertybans_addresses" WHERE "uuid"='00000000-0000-0000-0009-01f65c0068bf' AND "address"='beefdd90' AND "updated"=1727581666
INSERT INTO "libertybans_addresses" VALUES('00000000-0000-0000-0009-01f65c0068bf','beefdd90',1727581821)
COMMIT
DELETE FROM "libertybans_names" WHERE "uuid"='7b8d753e-8a2c-38e2-91e1-c03beda02cc9' AND "name"='Lionel_Messi21' AND "lower_name"='lionel_messi21' AND "updated"=1727578080
INSERT INTO "libertybans_names" VALUES('7b8d753e-8a2c-38e2-91e1-c03beda02cc9','Lionel_Messi21','lionel_messi21',1727581919)
DELETE FROM "libertybans_addresses" WHERE "uuid"='7b8d753e-8a2c-38e2-91e1-c03beda02cc9' AND "address"='8a79725b' AND "updated"=1727578080
INSERT INTO "libertybans_addresses" VALUES('7b8d753e-8a2c-38e2-91e1-c03beda02cc9','8a79725b',1727581919)
COMMIT
DELETE FROM "libertybans_names" WHERE "uuid"='00000000-0000-0000-0009-01f240d86346' AND "name"='_TenthOne9235842' AND "lower_name"='_tenthone9235842' AND "updated"=1727581772
INSERT INTO "libertybans_names" VALUES('00000000-0000-0000-0009-01f240d86346','_TenthOne9235842','_tenthone9235842',1727581927)
DELETE FROM "libertybans_addresses" WHERE "uuid"='00000000-0000-0000-0009-01f240d86346' AND "address"='be2c3476' AND "updated"=1727581772
INSERT INTO "libertybans_addresses" VALUES('00000000-0000-0000-0009-01f240d86346','be2c3476',1727581927)
COMMIT
DELETE FROM "libertybans_names" WHERE "uuid"='e4f616fe-d2cb-332e-bc3e-53f8712a617a' AND "name"='Aleyesmy' AND "lower_name"='aleyesmy' AND "updated"=1727578610
INSERT INTO "libertybans_names" VALUES('e4f616fe-d2cb-332e-bc3e-53f8712a617a','Aleyesmy','aleyesmy',1727582086)
DELETE FROM "libertybans_addresses" WHERE "uuid"='e4f616fe-d2cb-332e-bc3e-53f8712a617a' AND "address"='bb89baa4' AND "updated"=1727578610
INSERT INTO "libertybans_addresses" VALUES('e4f616fe-d2cb-332e-bc3e-53f8712a617a','bb89baa4',1727582086)
COMMIT
DELETE FROM "libertybans_names" WHERE "uuid"='e4f616fe-d2cb-332e-bc3e-53f8712a617a' AND "name"='Aleyesmy' AND "lower_name"='aleyesmy' AND "updated"=1727582086
INSERT INTO "libertybans_names" VALUES('e4f616fe-d2cb-332e-bc3e-53f8712a617a','Aleyesmy','aleyesmy',1727582154)
DELETE FROM "libertybans_addresses" WHERE "uuid"='e4f616fe-d2cb-332e-bc3e-53f8712a617a' AND "address"='bb89baa4' AND "updated"=1727582086
INSERT INTO "libertybans_addresses" VALUES('e4f616fe-d2cb-332e-bc3e-53f8712a617a','bb89baa4',1727582154)
COMMIT
DELETE FROM "libertybans_names" WHERE "uuid"='00000000-0000-0000-0009-01f240d86346' AND "name"='_TenthOne9235842' AND "lower_name"='_tenthone9235842' AND "updated"=1727581927
INSERT INTO "libertybans_names" VALUES('00000000-0000-0000-0009-01f240d86346','_TenthOne9235842','_tenthone9235842',1727582396)
DELETE FROM "libertybans_addresses" WHERE "uuid"='00000000-0000-0000-0009-01f240d86346' AND "address"='be2c3476' AND "updated"=1727581927
INSERT INTO "libertybans_addresses" VALUES('00000000-0000-0000-0009-01f240d86346','be2c3476',1727582396)
COMMIT
DELETE FROM "libertybans_names" WHERE "uuid"='e4f616fe-d2cb-332e-bc3e-53f8712a617a' AND "name"='Aleyesmy' AND "lower_name"='aleyesmy' AND "updated"=1727582154
INSERT INTO "libertybans_names" VALUES('e4f616fe-d2cb-332e-bc3e-53f8712a617a','Aleyesmy','aleyesmy',1727582412)
DELETE FROM "libertybans_addresses" WHERE "uuid"='e4f616fe-d2cb-332e-bc3e-53f8712a617a' AND "address"='bb89baa4' AND "updated"=1727582154
INSERT INTO "libertybans_addresses" VALUES('e4f616fe-d2cb-332e-bc3e-53f8712a617a','bb89baa4',1727582412)
COMMIT
INSERT INTO "libertybans_names" VALUES('b989e40d-8db1-3a63-9131-cc92c79afdf1','1986KEK4','1986kek4',1727582565)
INSERT INTO "libertybans_addresses" VALUES('b989e40d-8db1-3a63-9131-cc92c79afdf1','26ffd00f',1727582565)
COMMIT
INSERT INTO "libertybans_names" VALUES('00000000-0000-0000-0009-01f8f5c4a8d9','_Ema20043591','_ema20043591',1727582608)
INSERT INTO "libertybans_addresses" VALUES('00000000-0000-0000-0009-01f8f5c4a8d9','2da1b50c',1727582608)
COMMIT
DELETE FROM "libertybans_names" WHERE "uuid"='e4f616fe-d2cb-332e-bc3e-53f8712a617a' AND "name"='Aleyesmy' AND "lower_name"='aleyesmy' AND "updated"=1727582412
INSERT INTO "libertybans_names" VALUES('e4f616fe-d2cb-332e-bc3e-53f8712a617a','Aleyesmy','aleyesmy',1727582867)
DELETE FROM "libertybans_addresses" WHERE "uuid"='e4f616fe-d2cb-332e-bc3e-53f8712a617a' AND "address"='bb89baa4' AND "updated"=1727582412
INSERT INTO "libertybans_addresses" VALUES('e4f616fe-d2cb-332e-bc3e-53f8712a617a','bb89baa4',1727582867)
COMMIT
INSERT INTO "libertybans_names" VALUES('0864427e-8b18-33bc-9852-57c48b629a0b','capibara0103323','capibara0103323',1727583107)
INSERT INTO "libertybans_addresses" VALUES('0864427e-8b18-33bc-9852-57c48b629a0b','b1e44896',1727583107)
COMMIT
DISCONNECT
/*C32*/SET SCHEMA PUBLIC
SET DATABASE TRANSACTION CONTROL MVLOCKS
/*C27*/DISCONNECT
/*C33*/SET SCHEMA PUBLIC
SET DATABASE TRANSACTION CONTROL MVLOCKS
/*C28*/DISCONNECT
/*C34*/SET SCHEMA PUBLIC
SET DATABASE TRANSACTION CONTROL MVLOCKS
/*C30*/DISCONNECT
/*C35*/SET SCHEMA PUBLIC
SET DATABASE TRANSACTION CONTROL MVLOCKS
/*C31*/DISCONNECT
/*C36*/SET SCHEMA PUBLIC
SET DATABASE TRANSACTION CONTROL MVLOCKS
/*C29*/DISCONNECT
/*C37*/SET SCHEMA PUBLIC
SET DATABASE TRANSACTION CONTROL MVLOCKS
/*C32*/DELETE FROM "libertybans_names" WHERE "uuid"='e4f616fe-d2cb-332e-bc3e-53f8712a617a' AND "name"='Aleyesmy' AND "lower_name"='aleyesmy' AND "updated"=1727582867
INSERT INTO "libertybans_names" VALUES('e4f616fe-d2cb-332e-bc3e-53f8712a617a','Aleyesmy','aleyesmy',1727583178)
DELETE FROM "libertybans_addresses" WHERE "uuid"='e4f616fe-d2cb-332e-bc3e-53f8712a617a' AND "address"='bb89baa4' AND "updated"=1727582867
INSERT INTO "libertybans_addresses" VALUES('e4f616fe-d2cb-332e-bc3e-53f8712a617a','bb89baa4',1727583178)
COMMIT
DELETE FROM "libertybans_names" WHERE "uuid"='00000000-0000-0000-0009-01fb282dfe46' AND "name"='_Lobitostivo1312' AND "lower_name"='_lobitostivo1312' AND "updated"=1727554834
INSERT INTO "libertybans_names" VALUES('00000000-0000-0000-0009-01fb282dfe46','_Lobitostivo1312','_lobitostivo1312',1727583356)
INSERT INTO "libertybans_addresses" VALUES('00000000-0000-0000-0009-01fb282dfe46','bf6876f7',1727583356)
COMMIT
DELETE FROM "libertybans_names" WHERE "uuid"='00000000-0000-0000-0009-01fe0caf54be' AND "name"='_Robotnick15GG' AND "lower_name"='_robotnick15gg' AND "updated"=1727577624
INSERT INTO "libertybans_names" VALUES('00000000-0000-0000-0009-01fe0caf54be','_Robotnick15GG','_robotnick15gg',1727583391)
DELETE FROM "libertybans_addresses" WHERE "uuid"='00000000-0000-0000-0009-01fe0caf54be' AND "address"='ba0efec3' AND "updated"=1727577624
INSERT INTO "libertybans_addresses" VALUES('00000000-0000-0000-0009-01fe0caf54be','ba0efec3',1727583391)
COMMIT
DELETE FROM "libertybans_names" WHERE "uuid"='00000000-0000-0000-0009-01f38bc03be1' AND "name"='_Sebastian96221' AND "lower_name"='_sebastian96221' AND "updated"=1727579843
INSERT INTO "libertybans_names" VALUES('00000000-0000-0000-0009-01f38bc03be1','_Sebastian96221','_sebastian96221',1727583432)
DELETE FROM "libertybans_addresses" WHERE "uuid"='00000000-0000-0000-0009-01f38bc03be1' AND "address"='b53b03f0' AND "updated"=1727579843
INSERT INTO "libertybans_addresses" VALUES('00000000-0000-0000-0009-01f38bc03be1','b53b03f0',1727583432)
COMMIT
INSERT INTO "libertybans_names" VALUES('00000000-0000-0000-0009-01f0e3087292','_Lucasblood1','_lucasblood1',1727583484)
INSERT INTO "libertybans_addresses" VALUES('00000000-0000-0000-0009-01f0e3087292','b5299471',1727583484)
COMMIT
